#
# There is insufficient memory for the Java Runtime Environment to continue.
# Native memory allocation (malloc) failed to allocate 762416 bytes. Error detail: Chunk::new
# Possible reasons:
#   The system is out of physical RAM or swap space
#   This process is running with CompressedOops enabled, and the Java Heap may be blocking the growth of the native heap
# Possible solutions:
#   Reduce memory load on the system
#   Increase physical memory or swap space
#   Check if swap backing store is full
#   Decrease Java heap size (-Xmx/-Xms)
#   Decrease number of Java threads
#   Decrease Java thread stack sizes (-Xss)
#   Set larger code cache with -XX:ReservedCodeCacheSize=
#   JVM is running with Unscaled Compressed Oops mode in which the Java heap is
#     placed in the first 4GB address space. The Java Heap base address is the
#     maximum limit for the native heap growth. Please use -XX:HeapBaseMinAddress
#     to set the Java Heap base and to place the Java Heap above 4GB virtual address.
# This output file may be truncated or incomplete.
#
#  Out of Memory Error (arena.cpp:168), pid=40904, tid=36424
#
# JRE version: OpenJDK Runtime Environment Temurin-21.0.8+9 (21.0.8+9) (build 21.0.8+9-LTS)
# Java VM: OpenJDK 64-Bit Server VM Temurin-21.0.8+9 (21.0.8+9-LTS, mixed mode, sharing, tiered, compressed oops, compressed class ptrs, parallel gc, windows-amd64)
# No core dump will be written. Minidumps are not enabled by default on client versions of Windows
#

---------------  S U M M A R Y ------------

Command Line: --add-modules=ALL-SYSTEM --add-opens=java.base/java.util=ALL-UNNAMED --add-opens=java.base/java.lang=ALL-UNNAMED --add-opens=java.base/sun.nio.fs=ALL-UNNAMED -Declipse.application=org.eclipse.jdt.ls.core.id1 -Dosgi.bundles.defaultStartLevel=4 -Declipse.product=org.eclipse.jdt.ls.core.product -Djava.import.generatesMetadataFilesAtProjectRoot=false -DDetectVMInstallationsJob.disabled=true -Dfile.encoding=utf8 -XX:+UseParallelGC -XX:GCTimeRatio=4 -XX:AdaptiveSizePolicyWeight=90 -Dsun.zip.disableMemoryMapping=true -Xmx2G -Xms100m -Xlog:disable -javaagent:c:\Users\mazar\.windsurf\extensions\redhat.java-1.44.0-win32-x64\lombok\lombok-1.18.39-4050.jar c:\Users\mazar\.windsurf\extensions\redhat.java-1.44.0-win32-x64\server\plugins\org.eclipse.equinox.launcher_1.7.0.v20250519-0528.jar -configuration c:\Users\mazar\AppData\Roaming\Windsurf\User\globalStorage\redhat.java\1.44.0\config_ss_win -data c:\Users\mazar\AppData\Roaming\Windsurf\User\workspaceStorage\353768aa1ca8b48245c5e6ac3a3de6c4\redhat.java\ss_ws --pipe=\\.\pipe\lsp-955ddfc2c067c161691ba09bed25aca0-sock

Host: Intel(R) Core(TM) i7-10510U CPU @ 1.80GHz, 8 cores, 15G,  Windows 11 , 64 bit Build 26100 (10.0.26100.4768)
Time: Mon Sep  1 14:21:59 2025 South Africa Standard Time elapsed time: 40.973363 seconds (0d 0h 0m 40s)

---------------  T H R E A D  ---------------

Current thread (0x00000189f2318860):  JavaThread "C2 CompilerThread1" daemon [_thread_in_native, id=36424, stack(0x0000006f42900000,0x0000006f42a00000) (1024K)]


Current CompileTask:
C2:40973 4403       4       jdk.internal.jimage.ImageLocation::getFullName (109 bytes)

Stack: [0x0000006f42900000,0x0000006f42a00000]
Native frames: (J=compiled Java code, j=interpreted, Vv=VM code, C=native code)
V  [jvm.dll+0x6d2449]
V  [jvm.dll+0x8ae341]
V  [jvm.dll+0x8b08be]
V  [jvm.dll+0x8b0fa3]
V  [jvm.dll+0x280c96]
V  [jvm.dll+0xc581d]
V  [jvm.dll+0xc5d53]
V  [jvm.dll+0x3b9162]
V  [jvm.dll+0x385315]
V  [jvm.dll+0x38477a]
V  [jvm.dll+0x248ed0]
V  [jvm.dll+0x2484af]
V  [jvm.dll+0x1c89ee]
V  [jvm.dll+0x257d4d]
V  [jvm.dll+0x2562ea]
V  [jvm.dll+0x3f2d16]
V  [jvm.dll+0x857e6b]
V  [jvm.dll+0x6d0b0d]
C  [ucrtbase.dll+0x37b0]
C  [KERNEL32.DLL+0x2e8d7]
C  [ntdll.dll+0x3c34c]


---------------  P R O C E S S  ---------------

Threads class SMR info:
_java_thread_list=0x00000189ecaf8080, length=33, elements={
0x00000189d1c39380, 0x00000189eaade2a0, 0x00000189eaae0610, 0x00000189eaae7190,
0x00000189eaae9f70, 0x00000189eaaea9c0, 0x00000189eaaeb410, 0x00000189eaaec240,
0x00000189ec3d2ef0, 0x00000189d40ea5a0, 0x00000189ec6d2430, 0x00000189ec8d8150,
0x00000189ecb46900, 0x00000189ec9c6650, 0x00000189ec8cc500, 0x00000189ecad7fe0,
0x00000189ecd13860, 0x00000189f11a04b0, 0x00000189f16ead80, 0x00000189f16eb410,
0x00000189f16e99d0, 0x00000189f16ea060, 0x00000189f16ec7c0, 0x00000189f16ea6f0,
0x00000189f16e9340, 0x00000189f16ebaa0, 0x00000189f16ec130, 0x00000189f1728420,
0x00000189f1726350, 0x00000189f1728ab0, 0x00000189f17269e0, 0x00000189f1727700,
0x00000189f2318860
}

Java Threads: ( => current thread )
  0x00000189d1c39380 JavaThread "main"                              [_thread_blocked, id=30120, stack(0x0000006f3fe00000,0x0000006f3ff00000) (1024K)]
  0x00000189eaade2a0 JavaThread "Reference Handler"          daemon [_thread_blocked, id=21012, stack(0x0000006f40200000,0x0000006f40300000) (1024K)]
  0x00000189eaae0610 JavaThread "Finalizer"                  daemon [_thread_blocked, id=25880, stack(0x0000006f40300000,0x0000006f40400000) (1024K)]
  0x00000189eaae7190 JavaThread "Signal Dispatcher"          daemon [_thread_blocked, id=348, stack(0x0000006f40400000,0x0000006f40500000) (1024K)]
  0x00000189eaae9f70 JavaThread "Attach Listener"            daemon [_thread_blocked, id=13904, stack(0x0000006f40500000,0x0000006f40600000) (1024K)]
  0x00000189eaaea9c0 JavaThread "Service Thread"             daemon [_thread_blocked, id=37364, stack(0x0000006f40600000,0x0000006f40700000) (1024K)]
  0x00000189eaaeb410 JavaThread "Monitor Deflation Thread"   daemon [_thread_blocked, id=26144, stack(0x0000006f40700000,0x0000006f40800000) (1024K)]
  0x00000189eaaec240 JavaThread "C2 CompilerThread0"         daemon [_thread_in_native, id=32880, stack(0x0000006f40800000,0x0000006f40900000) (1024K)]
  0x00000189ec3d2ef0 JavaThread "C1 CompilerThread0"         daemon [_thread_blocked, id=39272, stack(0x0000006f40900000,0x0000006f40a00000) (1024K)]
  0x00000189d40ea5a0 JavaThread "Common-Cleaner"             daemon [_thread_blocked, id=23640, stack(0x0000006f40a00000,0x0000006f40b00000) (1024K)]
  0x00000189ec6d2430 JavaThread "Notification Thread"        daemon [_thread_blocked, id=41392, stack(0x0000006f40b00000,0x0000006f40c00000) (1024K)]
  0x00000189ec8d8150 JavaThread "Active Thread: Equinox Container: 2f1573e5-3825-4960-b503-f9238b0366d6"        [_thread_blocked, id=4852, stack(0x0000006f41200000,0x0000006f41300000) (1024K)]
  0x00000189ecb46900 JavaThread "Framework Event Dispatcher: Equinox Container: 2f1573e5-3825-4960-b503-f9238b0366d6" daemon [_thread_blocked, id=2808, stack(0x0000006f41300000,0x0000006f41400000) (1024K)]
  0x00000189ec9c6650 JavaThread "Start Level: Equinox Container: 2f1573e5-3825-4960-b503-f9238b0366d6" daemon [_thread_blocked, id=3596, stack(0x0000006f41400000,0x0000006f41500000) (1024K)]
  0x00000189ec8cc500 JavaThread "SCR Component Actor"        daemon [_thread_blocked, id=11224, stack(0x0000006f41600000,0x0000006f41700000) (1024K)]
  0x00000189ecad7fe0 JavaThread "Worker-JM"                         [_thread_blocked, id=34532, stack(0x0000006f41800000,0x0000006f41900000) (1024K)]
  0x00000189ecd13860 JavaThread "Worker-0"                          [_thread_blocked, id=39612, stack(0x0000006f3fc00000,0x0000006f3fd00000) (1024K)]
  0x00000189f11a04b0 JavaThread "Worker-1"                          [_thread_blocked, id=9692, stack(0x0000006f41900000,0x0000006f41a00000) (1024K)]
  0x00000189f16ead80 JavaThread "JNA Cleaner"                daemon [_thread_blocked, id=11308, stack(0x0000006f41700000,0x0000006f41800000) (1024K)]
  0x00000189f16eb410 JavaThread "Worker-2"                          [_thread_blocked, id=7580, stack(0x0000006f41c00000,0x0000006f41d00000) (1024K)]
  0x00000189f16e99d0 JavaThread "Thread-2"                   daemon [_thread_in_native, id=35408, stack(0x0000006f41d00000,0x0000006f41e00000) (1024K)]
  0x00000189f16ea060 JavaThread "Thread-3"                   daemon [_thread_in_native, id=34872, stack(0x0000006f41e00000,0x0000006f41f00000) (1024K)]
  0x00000189f16ec7c0 JavaThread "Thread-4"                   daemon [_thread_in_native, id=14060, stack(0x0000006f41f00000,0x0000006f42000000) (1024K)]
  0x00000189f16ea6f0 JavaThread "Thread-5"                   daemon [_thread_in_native, id=25220, stack(0x0000006f42000000,0x0000006f42100000) (1024K)]
  0x00000189f16e9340 JavaThread "Thread-6"                   daemon [_thread_in_native, id=41548, stack(0x0000006f42100000,0x0000006f42200000) (1024K)]
  0x00000189f16ebaa0 JavaThread "Thread-7"                   daemon [_thread_in_native, id=39048, stack(0x0000006f42200000,0x0000006f42300000) (1024K)]
  0x00000189f16ec130 JavaThread "Thread-8"                   daemon [_thread_in_native, id=20428, stack(0x0000006f42300000,0x0000006f42400000) (1024K)]
  0x00000189f1728420 JavaThread "Thread-9"                   daemon [_thread_in_native, id=38080, stack(0x0000006f42400000,0x0000006f42500000) (1024K)]
  0x00000189f1726350 JavaThread "Thread-10"                  daemon [_thread_in_native, id=15720, stack(0x0000006f42500000,0x0000006f42600000) (1024K)]
  0x00000189f1728ab0 JavaThread "pool-2-thread-1"                   [_thread_blocked, id=2164, stack(0x0000006f42600000,0x0000006f42700000) (1024K)]
  0x00000189f17269e0 JavaThread "WorkspaceEventsHandler"            [_thread_blocked, id=7860, stack(0x0000006f42700000,0x0000006f42800000) (1024K)]
  0x00000189f1727700 JavaThread "pool-1-thread-1"                   [_thread_in_Java, id=22864, stack(0x0000006f42800000,0x0000006f42900000) (1024K)]
=>0x00000189f2318860 JavaThread "C2 CompilerThread1"         daemon [_thread_in_native, id=36424, stack(0x0000006f42900000,0x0000006f42a00000) (1024K)]
Total: 33

Other Threads:
  0x00000189eaac1cc0 VMThread "VM Thread"                           [id=29972, stack(0x0000006f40100000,0x0000006f40200000) (1024K)]
  0x00000189ea9fca00 WatcherThread "VM Periodic Task Thread"        [id=25112, stack(0x0000006f40000000,0x0000006f40100000) (1024K)]
  0x00000189d409c0f0 WorkerThread "GC Thread#0"                     [id=19432, stack(0x0000006f3ff00000,0x0000006f40000000) (1024K)]
  0x00000189ec6ecf40 WorkerThread "GC Thread#1"                     [id=13296, stack(0x0000006f40c00000,0x0000006f40d00000) (1024K)]
  0x00000189ec6ed2e0 WorkerThread "GC Thread#2"                     [id=41880, stack(0x0000006f40d00000,0x0000006f40e00000) (1024K)]
  0x00000189ec6e9c80 WorkerThread "GC Thread#3"                     [id=10092, stack(0x0000006f40e00000,0x0000006f40f00000) (1024K)]
  0x00000189ec6ea020 WorkerThread "GC Thread#4"                     [id=29048, stack(0x0000006f40f00000,0x0000006f41000000) (1024K)]
  0x00000189ec6ea3c0 WorkerThread "GC Thread#5"                     [id=32508, stack(0x0000006f41000000,0x0000006f41100000) (1024K)]
  0x00000189ec998f60 WorkerThread "GC Thread#6"                     [id=15444, stack(0x0000006f41100000,0x0000006f41200000) (1024K)]
  0x00000189ecea9210 WorkerThread "GC Thread#7"                     [id=40184, stack(0x0000006f41500000,0x0000006f41600000) (1024K)]
Total: 10

Threads with active compile tasks:
C2 CompilerThread0  41037 4418       4       java.util.Spliterators$1Adapter::hasNext (23 bytes)
C2 CompilerThread1  41037 4403       4       jdk.internal.jimage.ImageLocation::getFullName (109 bytes)
Total: 2

VM state: not at safepoint (normal execution)

VM Mutex/Monitor currently owned by a thread: None

Heap address: 0x0000000080000000, size: 2048 MB, Compressed Oops mode: 32-bit

CDS archive(s) mapped at: [0x0000018980000000-0x0000018980ba0000-0x0000018980ba0000), size 12189696, SharedBaseAddress: 0x0000018980000000, ArchiveRelocationMode: 1.
Compressed class space mapped at: 0x0000018981000000-0x00000189c1000000, reserved size: 1073741824
Narrow klass base: 0x0000018980000000, Narrow klass shift: 0, Narrow klass range: 0x100000000

GC Precious Log:
 CardTable entry size: 512
 CPUs: 8 total, 8 available
 Memory: 16206M
 Large Page Support: Disabled
 NUMA Support: Disabled
 Compressed Oops: Enabled (32-bit)
 Alignments: Space 512K, Generation 512K, Heap 2M
 Heap Min Capacity: 100M
 Heap Initial Capacity: 100M
 Heap Max Capacity: 2G
 Pre-touch: Disabled
 Parallel Workers: 8

Heap:
 PSYoungGen      total 26112K, used 11421K [0x00000000d5580000, 0x00000000d7400000, 0x0000000100000000)
  eden space 22528K, 36% used [0x00000000d5580000,0x00000000d5da3ad8,0x00000000d6b80000)
  from space 3584K, 86% used [0x00000000d7080000,0x00000000d7383c58,0x00000000d7400000)
  to   space 3584K, 0% used [0x00000000d6d00000,0x00000000d6d00000,0x00000000d7080000)
 ParOldGen       total 68608K, used 13422K [0x0000000080000000, 0x0000000084300000, 0x00000000d5580000)
  object space 68608K, 19% used [0x0000000080000000,0x0000000080d1bb90,0x0000000084300000)
 Metaspace       used 31860K, committed 32896K, reserved 1114112K
  class space    used 3182K, committed 3648K, reserved 1048576K

Card table byte_map: [0x00000189d3a20000,0x00000189d3e30000] _byte_map_base: 0x00000189d3620000

Marking Bits: (ParMarkBitMap*) 0x00007ff94bd9a340
 Begin Bits: [0x00000189e6520000, 0x00000189e8520000)
 End Bits:   [0x00000189e8520000, 0x00000189ea520000)

Polling page: 0x00000189d1f00000

Metaspace:

Usage:
  Non-class:     28.01 MB used.
      Class:      3.11 MB used.
       Both:     31.11 MB used.

Virtual space:
  Non-class space:       64.00 MB reserved,      28.56 MB ( 45%) committed,  1 nodes.
      Class space:        1.00 GB reserved,       3.56 MB ( <1%) committed,  1 nodes.
             Both:        1.06 GB reserved,      32.12 MB (  3%) committed. 

Chunk freelists:
   Non-Class:  3.47 MB
       Class:  12.49 MB
        Both:  15.96 MB

MaxMetaspaceSize: unlimited
CompressedClassSpaceSize: 1.00 GB
Initial GC threshold: 21.00 MB
Current GC threshold: 35.00 MB
CDS: on
 - commit_granule_bytes: 65536.
 - commit_granule_words: 8192.
 - virtual_space_node_default_size: 8388608.
 - enlarge_chunks_in_place: 1.
 - use_allocation_guard: 0.


Internal statistics:

num_allocs_failed_limit: 3.
num_arena_births: 654.
num_arena_deaths: 14.
num_vsnodes_births: 2.
num_vsnodes_deaths: 0.
num_space_committed: 514.
num_space_uncommitted: 0.
num_chunks_returned_to_freelist: 17.
num_chunks_taken_from_freelist: 1860.
num_chunk_merges: 9.
num_chunk_splits: 1234.
num_chunks_enlarged: 825.
num_inconsistent_stats: 0.

CodeHeap 'non-profiled nmethods': size=120000Kb used=2084Kb max_used=2084Kb free=117916Kb
 bounds [0x00000189ded40000, 0x00000189defb0000, 0x00000189e6270000]
CodeHeap 'profiled nmethods': size=120000Kb used=8854Kb max_used=8854Kb free=111145Kb
 bounds [0x00000189d7270000, 0x00000189d7b20000, 0x00000189de7a0000]
CodeHeap 'non-nmethods': size=5760Kb used=1352Kb max_used=1384Kb free=4408Kb
 bounds [0x00000189de7a0000, 0x00000189dea10000, 0x00000189ded40000]
CodeCache: size=245760Kb, used=12290Kb, max_used=12322Kb, free=233469Kb
 total_blobs=5065, nmethods=4417, adapters=554, full_count=0
Compilation: enabled, stopped_count=0, restarted_count=0

Compilation events (20 events):
Event: 40.887 Thread 0x00000189f2318860 nmethod 4400 0x00000189def3ec10 code [0x00000189def3edc0, 0x00000189def3f208]
Event: 40.887 Thread 0x00000189f2318860 4401       4       java.util.ArrayList$SubList::iterator (5 bytes)
Event: 40.890 Thread 0x00000189f2318860 nmethod 4401 0x00000189def3f590 code [0x00000189def3f720, 0x00000189def3f8a0]
Event: 40.903 Thread 0x00000189f2318860 4402       4       java.nio.ByteBufferAsIntBufferL::get (31 bytes)
Event: 40.905 Thread 0x00000189f2318860 nmethod 4402 0x00000189def3fa10 code [0x00000189def3fba0, 0x00000189def3fcf0]
Event: 40.908 Thread 0x00000189f2318860 4403       4       jdk.internal.jimage.ImageLocation::getFullName (109 bytes)
Event: 40.909 Thread 0x00000189ec3d2ef0 4404       3       jdk.internal.jimage.ImageReader$SharedImageReader::visitLocation (73 bytes)
Event: 40.910 Thread 0x00000189ec3d2ef0 nmethod 4404 0x00000189d7b11c90 code [0x00000189d7b11f40, 0x00000189d7b12ca0]
Event: 40.912 Thread 0x00000189eaaec240 nmethod 4399 0x00000189def3ff10 code [0x00000189def40180, 0x00000189def415b0]
Event: 40.914 Thread 0x00000189eaaec240 4405       4       jdk.internal.jrtfs.JrtFileSystem::checkNode (40 bytes)
Event: 40.938 Thread 0x00000189ec3d2ef0 4409   !   3       jdk.internal.ref.PhantomCleanable::isListEmpty (34 bytes)
Event: 40.938 Thread 0x00000189ec3d2ef0 nmethod 4409 0x00000189d7b13190 code [0x00000189d7b13340, 0x00000189d7b13598]
Event: 40.938 Thread 0x00000189ec3d2ef0 4410       3       jdk.internal.misc.InnocuousThread::eraseThreadLocals (23 bytes)
Event: 40.939 Thread 0x00000189ec3d2ef0 nmethod 4410 0x00000189d7b13690 code [0x00000189d7b13820, 0x00000189d7b13988]
Event: 40.939 Thread 0x00000189ec3d2ef0 4411       3       java.lang.invoke.MethodHandleNatives$CallSiteContext::run (5 bytes)
Event: 40.939 Thread 0x00000189ec3d2ef0 nmethod 4411 0x00000189d7b13a10 code [0x00000189d7b13bc0, 0x00000189d7b13cf8]
Event: 40.948 Thread 0x00000189eaaec240 nmethod 4405 0x00000189def42190 code [0x00000189def42400, 0x00000189def43158]
Event: 40.948 Thread 0x00000189eaaec240 4406       4       jdk.internal.jrtfs.JrtPath::getResolvedPath (39 bytes)
Event: 40.954 Thread 0x00000189eaaec240 nmethod 4406 0x00000189def43b90 code [0x00000189def43d60, 0x00000189def44108]
Event: 40.954 Thread 0x00000189eaaec240 4407   !   4       jdk.internal.jrtfs.JrtFileSystem::lookup (23 bytes)

GC Heap History (20 events):
Event: 24.554 GC heap before
{Heap before GC invocations=2 (full 0):
 PSYoungGen      total 29696K, used 28902K [0x00000000d5580000, 0x00000000d7680000, 0x0000000100000000)
  eden space 25600K, 100% used [0x00000000d5580000,0x00000000d6e80000,0x00000000d6e80000)
  from space 4096K, 80% used [0x00000000d6e80000,0x00000000d71b9bb8,0x00000000d7280000)
  to   space 4096K, 0% used [0x00000000d7280000,0x00000000d7280000,0x00000000d7680000)
 ParOldGen       total 68608K, used 0K [0x0000000080000000, 0x0000000084300000, 0x00000000d5580000)
  object space 68608K, 0% used [0x0000000080000000,0x0000000080000000,0x0000000084300000)
 Metaspace       used 8145K, committed 8384K, reserved 1114112K
  class space    used 864K, committed 960K, reserved 1048576K
}
Event: 24.567 GC heap after
{Heap after GC invocations=2 (full 0):
 PSYoungGen      total 29696K, used 4069K [0x00000000d5580000, 0x00000000d7680000, 0x0000000100000000)
  eden space 25600K, 0% used [0x00000000d5580000,0x00000000d5580000,0x00000000d6e80000)
  from space 4096K, 99% used [0x00000000d7280000,0x00000000d7679540,0x00000000d7680000)
  to   space 4096K, 0% used [0x00000000d6e80000,0x00000000d6e80000,0x00000000d7280000)
 ParOldGen       total 68608K, used 921K [0x0000000080000000, 0x0000000084300000, 0x00000000d5580000)
  object space 68608K, 1% used [0x0000000080000000,0x00000000800e66a8,0x0000000084300000)
 Metaspace       used 8145K, committed 8384K, reserved 1114112K
  class space    used 864K, committed 960K, reserved 1048576K
}
Event: 29.609 GC heap before
{Heap before GC invocations=3 (full 0):
 PSYoungGen      total 29696K, used 29669K [0x00000000d5580000, 0x00000000d7680000, 0x0000000100000000)
  eden space 25600K, 100% used [0x00000000d5580000,0x00000000d6e80000,0x00000000d6e80000)
  from space 4096K, 99% used [0x00000000d7280000,0x00000000d7679540,0x00000000d7680000)
  to   space 4096K, 0% used [0x00000000d6e80000,0x00000000d6e80000,0x00000000d7280000)
 ParOldGen       total 68608K, used 921K [0x0000000080000000, 0x0000000084300000, 0x00000000d5580000)
  object space 68608K, 1% used [0x0000000080000000,0x00000000800e66a8,0x0000000084300000)
 Metaspace       used 12985K, committed 13504K, reserved 1114112K
  class space    used 1368K, committed 1600K, reserved 1048576K
}
Event: 29.615 GC heap after
{Heap after GC invocations=3 (full 0):
 PSYoungGen      total 29696K, used 4085K [0x00000000d5580000, 0x00000000d7680000, 0x0000000100000000)
  eden space 25600K, 0% used [0x00000000d5580000,0x00000000d5580000,0x00000000d6e80000)
  from space 4096K, 99% used [0x00000000d6e80000,0x00000000d727d448,0x00000000d7280000)
  to   space 4096K, 0% used [0x00000000d7280000,0x00000000d7280000,0x00000000d7680000)
 ParOldGen       total 68608K, used 2717K [0x0000000080000000, 0x0000000084300000, 0x00000000d5580000)
  object space 68608K, 3% used [0x0000000080000000,0x00000000802a7790,0x0000000084300000)
 Metaspace       used 12985K, committed 13504K, reserved 1114112K
  class space    used 1368K, committed 1600K, reserved 1048576K
}
Event: 31.359 GC heap before
{Heap before GC invocations=4 (full 0):
 PSYoungGen      total 29696K, used 29685K [0x00000000d5580000, 0x00000000d7680000, 0x0000000100000000)
  eden space 25600K, 100% used [0x00000000d5580000,0x00000000d6e80000,0x00000000d6e80000)
  from space 4096K, 99% used [0x00000000d6e80000,0x00000000d727d448,0x00000000d7280000)
  to   space 4096K, 0% used [0x00000000d7280000,0x00000000d7280000,0x00000000d7680000)
 ParOldGen       total 68608K, used 2717K [0x0000000080000000, 0x0000000084300000, 0x00000000d5580000)
  object space 68608K, 3% used [0x0000000080000000,0x00000000802a7790,0x0000000084300000)
 Metaspace       used 15937K, committed 16512K, reserved 1114112K
  class space    used 1653K, committed 1920K, reserved 1048576K
}
Event: 31.364 GC heap after
{Heap after GC invocations=4 (full 0):
 PSYoungGen      total 29696K, used 4079K [0x00000000d5580000, 0x00000000d7680000, 0x0000000100000000)
  eden space 25600K, 0% used [0x00000000d5580000,0x00000000d5580000,0x00000000d6e80000)
  from space 4096K, 99% used [0x00000000d7280000,0x00000000d767be40,0x00000000d7680000)
  to   space 4096K, 0% used [0x00000000d6e80000,0x00000000d6e80000,0x00000000d7280000)
 ParOldGen       total 68608K, used 5119K [0x0000000080000000, 0x0000000084300000, 0x00000000d5580000)
  object space 68608K, 7% used [0x0000000080000000,0x00000000804ffc38,0x0000000084300000)
 Metaspace       used 15937K, committed 16512K, reserved 1114112K
  class space    used 1653K, committed 1920K, reserved 1048576K
}
Event: 31.976 GC heap before
{Heap before GC invocations=5 (full 0):
 PSYoungGen      total 29696K, used 29679K [0x00000000d5580000, 0x00000000d7680000, 0x0000000100000000)
  eden space 25600K, 100% used [0x00000000d5580000,0x00000000d6e80000,0x00000000d6e80000)
  from space 4096K, 99% used [0x00000000d7280000,0x00000000d767be40,0x00000000d7680000)
  to   space 4096K, 0% used [0x00000000d6e80000,0x00000000d6e80000,0x00000000d7280000)
 ParOldGen       total 68608K, used 5119K [0x0000000080000000, 0x0000000084300000, 0x00000000d5580000)
  object space 68608K, 7% used [0x0000000080000000,0x00000000804ffc38,0x0000000084300000)
 Metaspace       used 20094K, committed 20736K, reserved 1114112K
  class space    used 1954K, committed 2240K, reserved 1048576K
}
Event: 31.980 GC heap after
{Heap after GC invocations=5 (full 0):
 PSYoungGen      total 29184K, used 4091K [0x00000000d5580000, 0x00000000d7900000, 0x0000000100000000)
  eden space 25088K, 0% used [0x00000000d5580000,0x00000000d5580000,0x00000000d6e00000)
  from space 4096K, 99% used [0x00000000d6e80000,0x00000000d727ef30,0x00000000d7280000)
  to   space 5632K, 0% used [0x00000000d7380000,0x00000000d7380000,0x00000000d7900000)
 ParOldGen       total 68608K, used 5662K [0x0000000080000000, 0x0000000084300000, 0x00000000d5580000)
  object space 68608K, 8% used [0x0000000080000000,0x0000000080587a50,0x0000000084300000)
 Metaspace       used 20094K, committed 20736K, reserved 1114112K
  class space    used 1954K, committed 2240K, reserved 1048576K
}
Event: 33.263 GC heap before
{Heap before GC invocations=6 (full 0):
 PSYoungGen      total 29184K, used 23920K [0x00000000d5580000, 0x00000000d7900000, 0x0000000100000000)
  eden space 25088K, 79% used [0x00000000d5580000,0x00000000d68dd498,0x00000000d6e00000)
  from space 4096K, 99% used [0x00000000d6e80000,0x00000000d727ef30,0x00000000d7280000)
  to   space 5632K, 0% used [0x00000000d7380000,0x00000000d7380000,0x00000000d7900000)
 ParOldGen       total 68608K, used 5662K [0x0000000080000000, 0x0000000084300000, 0x00000000d5580000)
  object space 68608K, 8% used [0x0000000080000000,0x0000000080587a50,0x0000000084300000)
 Metaspace       used 20897K, committed 21504K, reserved 1114112K
  class space    used 1999K, committed 2304K, reserved 1048576K
}
Event: 33.271 GC heap after
{Heap after GC invocations=6 (full 0):
 PSYoungGen      total 30208K, used 5579K [0x00000000d5580000, 0x00000000d7a00000, 0x0000000100000000)
  eden space 24576K, 0% used [0x00000000d5580000,0x00000000d5580000,0x00000000d6d80000)
  from space 5632K, 99% used [0x00000000d7380000,0x00000000d78f2d78,0x00000000d7900000)
  to   space 6144K, 0% used [0x00000000d6d80000,0x00000000d6d80000,0x00000000d7380000)
 ParOldGen       total 68608K, used 6451K [0x0000000080000000, 0x0000000084300000, 0x00000000d5580000)
  object space 68608K, 9% used [0x0000000080000000,0x000000008064cf60,0x0000000084300000)
 Metaspace       used 20897K, committed 21504K, reserved 1114112K
  class space    used 1999K, committed 2304K, reserved 1048576K
}
Event: 33.271 GC heap before
{Heap before GC invocations=7 (full 1):
 PSYoungGen      total 30208K, used 5579K [0x00000000d5580000, 0x00000000d7a00000, 0x0000000100000000)
  eden space 24576K, 0% used [0x00000000d5580000,0x00000000d5580000,0x00000000d6d80000)
  from space 5632K, 99% used [0x00000000d7380000,0x00000000d78f2d78,0x00000000d7900000)
  to   space 6144K, 0% used [0x00000000d6d80000,0x00000000d6d80000,0x00000000d7380000)
 ParOldGen       total 68608K, used 6451K [0x0000000080000000, 0x0000000084300000, 0x00000000d5580000)
  object space 68608K, 9% used [0x0000000080000000,0x000000008064cf60,0x0000000084300000)
 Metaspace       used 20897K, committed 21504K, reserved 1114112K
  class space    used 1999K, committed 2304K, reserved 1048576K
}
Event: 33.325 GC heap after
{Heap after GC invocations=7 (full 1):
 PSYoungGen      total 30208K, used 0K [0x00000000d5580000, 0x00000000d7a00000, 0x0000000100000000)
  eden space 24576K, 0% used [0x00000000d5580000,0x00000000d5580000,0x00000000d6d80000)
  from space 5632K, 0% used [0x00000000d7380000,0x00000000d7380000,0x00000000d7900000)
  to   space 6144K, 0% used [0x00000000d6d80000,0x00000000d6d80000,0x00000000d7380000)
 ParOldGen       total 68608K, used 10132K [0x0000000080000000, 0x0000000084300000, 0x00000000d5580000)
  object space 68608K, 14% used [0x0000000080000000,0x00000000809e50e8,0x0000000084300000)
 Metaspace       used 20884K, committed 21504K, reserved 1114112K
  class space    used 1996K, committed 2304K, reserved 1048576K
}
Event: 36.577 GC heap before
{Heap before GC invocations=8 (full 1):
 PSYoungGen      total 30208K, used 24576K [0x00000000d5580000, 0x00000000d7a00000, 0x0000000100000000)
  eden space 24576K, 100% used [0x00000000d5580000,0x00000000d6d80000,0x00000000d6d80000)
  from space 5632K, 0% used [0x00000000d7380000,0x00000000d7380000,0x00000000d7900000)
  to   space 6144K, 0% used [0x00000000d6d80000,0x00000000d6d80000,0x00000000d7380000)
 ParOldGen       total 68608K, used 10132K [0x0000000080000000, 0x0000000084300000, 0x00000000d5580000)
  object space 68608K, 14% used [0x0000000080000000,0x00000000809e50e8,0x0000000084300000)
 Metaspace       used 25085K, committed 25856K, reserved 1114112K
  class space    used 2434K, committed 2752K, reserved 1048576K
}
Event: 36.581 GC heap after
{Heap after GC invocations=8 (full 1):
 PSYoungGen      total 26624K, used 2264K [0x00000000d5580000, 0x00000000d7400000, 0x0000000100000000)
  eden space 24064K, 0% used [0x00000000d5580000,0x00000000d5580000,0x00000000d6d00000)
  from space 2560K, 88% used [0x00000000d6d80000,0x00000000d6fb6160,0x00000000d7000000)
  to   space 3584K, 0% used [0x00000000d7080000,0x00000000d7080000,0x00000000d7400000)
 ParOldGen       total 68608K, used 10140K [0x0000000080000000, 0x0000000084300000, 0x00000000d5580000)
  object space 68608K, 14% used [0x0000000080000000,0x00000000809e70e8,0x0000000084300000)
 Metaspace       used 25085K, committed 25856K, reserved 1114112K
  class space    used 2434K, committed 2752K, reserved 1048576K
}
Event: 37.985 GC heap before
{Heap before GC invocations=9 (full 1):
 PSYoungGen      total 26624K, used 26328K [0x00000000d5580000, 0x00000000d7400000, 0x0000000100000000)
  eden space 24064K, 100% used [0x00000000d5580000,0x00000000d6d00000,0x00000000d6d00000)
  from space 2560K, 88% used [0x00000000d6d80000,0x00000000d6fb6160,0x00000000d7000000)
  to   space 3584K, 0% used [0x00000000d7080000,0x00000000d7080000,0x00000000d7400000)
 ParOldGen       total 68608K, used 10140K [0x0000000080000000, 0x0000000084300000, 0x00000000d5580000)
  object space 68608K, 14% used [0x0000000080000000,0x00000000809e70e8,0x0000000084300000)
 Metaspace       used 28091K, committed 28864K, reserved 1114112K
  class space    used 2808K, committed 3200K, reserved 1048576K
}
Event: 37.990 GC heap after
{Heap after GC invocations=9 (full 1):
 PSYoungGen      total 27136K, used 3547K [0x00000000d5580000, 0x00000000d7480000, 0x0000000100000000)
  eden space 23552K, 0% used [0x00000000d5580000,0x00000000d5580000,0x00000000d6c80000)
  from space 3584K, 98% used [0x00000000d7080000,0x00000000d73f6ee8,0x00000000d7400000)
  to   space 4096K, 0% used [0x00000000d6c80000,0x00000000d6c80000,0x00000000d7080000)
 ParOldGen       total 68608K, used 10148K [0x0000000080000000, 0x0000000084300000, 0x00000000d5580000)
  object space 68608K, 14% used [0x0000000080000000,0x00000000809e90e8,0x0000000084300000)
 Metaspace       used 28091K, committed 28864K, reserved 1114112K
  class space    used 2808K, committed 3200K, reserved 1048576K
}
Event: 39.941 GC heap before
{Heap before GC invocations=10 (full 1):
 PSYoungGen      total 27136K, used 27099K [0x00000000d5580000, 0x00000000d7480000, 0x0000000100000000)
  eden space 23552K, 100% used [0x00000000d5580000,0x00000000d6c80000,0x00000000d6c80000)
  from space 3584K, 98% used [0x00000000d7080000,0x00000000d73f6ee8,0x00000000d7400000)
  to   space 4096K, 0% used [0x00000000d6c80000,0x00000000d6c80000,0x00000000d7080000)
 ParOldGen       total 68608K, used 10148K [0x0000000080000000, 0x0000000084300000, 0x00000000d5580000)
  object space 68608K, 14% used [0x0000000080000000,0x00000000809e90e8,0x0000000084300000)
 Metaspace       used 30581K, committed 31360K, reserved 1114112K
  class space    used 3067K, committed 3392K, reserved 1048576K
}
Event: 39.944 GC heap after
{Heap after GC invocations=10 (full 1):
 PSYoungGen      total 27136K, used 4070K [0x00000000d5580000, 0x00000000d7500000, 0x0000000100000000)
  eden space 23040K, 0% used [0x00000000d5580000,0x00000000d5580000,0x00000000d6c00000)
  from space 4096K, 99% used [0x00000000d6c80000,0x00000000d7079aa8,0x00000000d7080000)
  to   space 4608K, 0% used [0x00000000d7080000,0x00000000d7080000,0x00000000d7500000)
 ParOldGen       total 68608K, used 10412K [0x0000000080000000, 0x0000000084300000, 0x00000000d5580000)
  object space 68608K, 15% used [0x0000000080000000,0x0000000080a2b0e8,0x0000000084300000)
 Metaspace       used 30581K, committed 31360K, reserved 1114112K
  class space    used 3067K, committed 3392K, reserved 1048576K
}
Event: 40.931 GC heap before
{Heap before GC invocations=11 (full 1):
 PSYoungGen      total 27136K, used 27110K [0x00000000d5580000, 0x00000000d7500000, 0x0000000100000000)
  eden space 23040K, 100% used [0x00000000d5580000,0x00000000d6c00000,0x00000000d6c00000)
  from space 4096K, 99% used [0x00000000d6c80000,0x00000000d7079aa8,0x00000000d7080000)
  to   space 4608K, 0% used [0x00000000d7080000,0x00000000d7080000,0x00000000d7500000)
 ParOldGen       total 68608K, used 10412K [0x0000000080000000, 0x0000000084300000, 0x00000000d5580000)
  object space 68608K, 15% used [0x0000000080000000,0x0000000080a2b0e8,0x0000000084300000)
 Metaspace       used 31859K, committed 32896K, reserved 1114112K
  class space    used 3182K, committed 3648K, reserved 1048576K
}
Event: 40.938 GC heap after
{Heap after GC invocations=11 (full 1):
 PSYoungGen      total 26112K, used 3087K [0x00000000d5580000, 0x00000000d7400000, 0x0000000100000000)
  eden space 22528K, 0% used [0x00000000d5580000,0x00000000d5580000,0x00000000d6b80000)
  from space 3584K, 86% used [0x00000000d7080000,0x00000000d7383c58,0x00000000d7400000)
  to   space 3584K, 0% used [0x00000000d6d00000,0x00000000d6d00000,0x00000000d7080000)
 ParOldGen       total 68608K, used 13422K [0x0000000080000000, 0x0000000084300000, 0x00000000d5580000)
  object space 68608K, 19% used [0x0000000080000000,0x0000000080d1bb90,0x0000000084300000)
 Metaspace       used 31859K, committed 32896K, reserved 1114112K
  class space    used 3182K, committed 3648K, reserved 1048576K
}

Dll operation events (10 events):
Event: 0.538 Loaded shared library c:\Users\mazar\.windsurf\extensions\redhat.java-1.44.0-win32-x64\jre\21.0.8-win32-x86_64\bin\java.dll
Event: 1.028 Loaded shared library c:\Users\mazar\.windsurf\extensions\redhat.java-1.44.0-win32-x64\jre\21.0.8-win32-x86_64\bin\zip.dll
Event: 1.308 Loaded shared library C:\Users\mazar\.windsurf\extensions\redhat.java-1.44.0-win32-x64\jre\21.0.8-win32-x86_64\bin\instrument.dll
Event: 1.337 Loaded shared library C:\Users\mazar\.windsurf\extensions\redhat.java-1.44.0-win32-x64\jre\21.0.8-win32-x86_64\bin\net.dll
Event: 1.344 Loaded shared library C:\Users\mazar\.windsurf\extensions\redhat.java-1.44.0-win32-x64\jre\21.0.8-win32-x86_64\bin\nio.dll
Event: 1.353 Loaded shared library C:\Users\mazar\.windsurf\extensions\redhat.java-1.44.0-win32-x64\jre\21.0.8-win32-x86_64\bin\zip.dll
Event: 1.502 Loaded shared library C:\Users\mazar\.windsurf\extensions\redhat.java-1.44.0-win32-x64\jre\21.0.8-win32-x86_64\bin\jimage.dll
Event: 2.071 Loaded shared library c:\Users\mazar\.windsurf\extensions\redhat.java-1.44.0-win32-x64\jre\21.0.8-win32-x86_64\bin\verify.dll
Event: 26.384 Loaded shared library C:\Users\mazar\AppData\Roaming\Windsurf\User\globalStorage\redhat.java\1.44.0\config_ss_win\org.eclipse.equinox.launcher\org.eclipse.equinox.launcher.win32.win32.x86_64_1.2.1400.v20250730-1736\eclipse_11913.dll
Event: 36.127 Loaded shared library C:\Users\mazar\AppData\Local\Temp\jna-103673879\jna2782197856766850295.dll

Deoptimization events (20 events):
Event: 40.543 Thread 0x00000189f1727700 Uncommon trap: trap_request=0xfffffff4 fr.pc=0x00000189deeca5ac relative=0x000000000000036c
Event: 40.543 Thread 0x00000189f1727700 Uncommon trap: reason=null_check action=make_not_entrant pc=0x00000189deeca5ac method=sun.invoke.util.VerifyType.isNullConversion(Ljava/lang/Class;Ljava/lang/Class;Z)Z @ 67 c2
Event: 40.543 Thread 0x00000189f1727700 DEOPT PACKING pc=0x00000189deeca5ac sp=0x0000006f428fc8d0
Event: 40.543 Thread 0x00000189f1727700 DEOPT UNPACKING pc=0x00000189de7f3aa2 sp=0x0000006f428fc850 mode 2
Event: 40.550 Thread 0x00000189f1727700 Uncommon trap: trap_request=0xffffff45 fr.pc=0x00000189dee8830c relative=0x000000000000528c
Event: 40.550 Thread 0x00000189f1727700 Uncommon trap: reason=unstable_if action=reinterpret pc=0x00000189dee8830c method=java.lang.invoke.MethodType.genericMethodType(IZ)Ljava/lang/invoke/MethodType; @ 27 c2
Event: 40.550 Thread 0x00000189f1727700 DEOPT PACKING pc=0x00000189dee8830c sp=0x0000006f428fbd00
Event: 40.551 Thread 0x00000189f1727700 DEOPT UNPACKING pc=0x00000189de7f3aa2 sp=0x0000006f428fbb10 mode 2
Event: 40.551 Thread 0x00000189f1727700 Uncommon trap: trap_request=0xffffff45 fr.pc=0x00000189deecb0c0 relative=0x0000000000000340
Event: 40.551 Thread 0x00000189f1727700 Uncommon trap: reason=unstable_if action=reinterpret pc=0x00000189deecb0c0 method=java.lang.invoke.MethodType.genericMethodType(IZ)Ljava/lang/invoke/MethodType; @ 27 c2
Event: 40.551 Thread 0x00000189f1727700 DEOPT PACKING pc=0x00000189deecb0c0 sp=0x0000006f428fbc10
Event: 40.551 Thread 0x00000189f1727700 DEOPT UNPACKING pc=0x00000189de7f3aa2 sp=0x0000006f428fbb08 mode 2
Event: 40.772 Thread 0x00000189f1727700 Uncommon trap: trap_request=0xffffff45 fr.pc=0x00000189def35350 relative=0x00000000000005b0
Event: 40.772 Thread 0x00000189f1727700 Uncommon trap: reason=unstable_if action=reinterpret pc=0x00000189def35350 method=jdk.internal.jimage.ImageReader$SharedImageReader.findNode(Ljava/lang/String;)Ljdk/internal/jimage/ImageReader$Node; @ 25 c2
Event: 40.772 Thread 0x00000189f1727700 DEOPT PACKING pc=0x00000189def35350 sp=0x0000006f428fd730
Event: 40.772 Thread 0x00000189f1727700 DEOPT UNPACKING pc=0x00000189de7f3aa2 sp=0x0000006f428fd6f8 mode 2
Event: 40.819 Thread 0x00000189f1727700 Uncommon trap: trap_request=0xffffff45 fr.pc=0x00000189def33300 relative=0x00000000000001c0
Event: 40.819 Thread 0x00000189f1727700 Uncommon trap: reason=unstable_if action=reinterpret pc=0x00000189def33300 method=jdk.internal.jrtfs.JrtPath.normalize(Ljava/lang/String;)Ljava/lang/String; @ 78 c2
Event: 40.819 Thread 0x00000189f1727700 DEOPT PACKING pc=0x00000189def33300 sp=0x0000006f428fd0e0
Event: 40.819 Thread 0x00000189f1727700 DEOPT UNPACKING pc=0x00000189de7f3aa2 sp=0x0000006f428fd060 mode 2

Classes loaded (20 events):
Event: 40.676 Loading class java/nio/file/FileTreeWalker$Event
Event: 40.676 Loading class java/nio/file/FileTreeWalker$Event done
Event: 40.676 Loading class java/nio/file/FileTreeWalker$EventType
Event: 40.677 Loading class java/nio/file/FileTreeWalker$EventType done
Event: 40.677 Loading class java/nio/file/Files$3
Event: 40.677 Loading class java/nio/file/Files$3 done
Event: 40.677 Loading class java/nio/file/FileVisitResult
Event: 40.677 Loading class java/nio/file/FileVisitResult done
Event: 40.779 Loading class java/lang/runtime/ObjectMethods
Event: 40.781 Loading class java/lang/runtime/ObjectMethods done
Event: 40.785 Loading class java/lang/invoke/MethodHandleImpl$Makers
Event: 40.785 Loading class java/lang/invoke/MethodHandleImpl$Makers done
Event: 40.785 Loading class java/lang/invoke/MethodHandleImpl$Makers$1
Event: 40.786 Loading class java/lang/invoke/MethodHandleImpl$Makers$1 done
Event: 40.786 Loading class java/lang/invoke/MethodHandleImpl$Makers$2
Event: 40.786 Loading class java/lang/invoke/MethodHandleImpl$Makers$2 done
Event: 40.786 Loading class java/lang/invoke/MethodHandleImpl$Makers$3
Event: 40.787 Loading class java/lang/invoke/MethodHandleImpl$Makers$3 done
Event: 40.795 Loading class java/lang/runtime/ObjectMethods$1
Event: 40.795 Loading class java/lang/runtime/ObjectMethods$1 done

Classes unloaded (7 events):
Event: 33.280 Thread 0x00000189eaac1cc0 Unloading class 0x000001898118d400 'java/lang/invoke/LambdaForm$MH+0x000001898118d400'
Event: 33.280 Thread 0x00000189eaac1cc0 Unloading class 0x000001898118d000 'java/lang/invoke/LambdaForm$MH+0x000001898118d000'
Event: 33.280 Thread 0x00000189eaac1cc0 Unloading class 0x000001898118cc00 'java/lang/invoke/LambdaForm$MH+0x000001898118cc00'
Event: 33.280 Thread 0x00000189eaac1cc0 Unloading class 0x000001898118c800 'java/lang/invoke/LambdaForm$MH+0x000001898118c800'
Event: 33.280 Thread 0x00000189eaac1cc0 Unloading class 0x000001898118c400 'java/lang/invoke/LambdaForm$BMH+0x000001898118c400'
Event: 33.280 Thread 0x00000189eaac1cc0 Unloading class 0x000001898118c000 'java/lang/invoke/LambdaForm$DMH+0x000001898118c000'
Event: 33.280 Thread 0x00000189eaac1cc0 Unloading class 0x000001898118ac00 'java/lang/invoke/LambdaForm$DMH+0x000001898118ac00'

Classes redefined (0 events):
No events

Internal exceptions (20 events):
Event: 39.121 Thread 0x00000189f1727700 Exception <a 'sun/nio/fs/WindowsException'{0x00000000d6310788}> (0x00000000d6310788) 
thrown [s\src\hotspot\share\prims\jni.cpp, line 520]
Event: 39.202 Thread 0x00000189f1727700 Exception <a 'sun/nio/fs/WindowsException'{0x00000000d63cf200}> (0x00000000d63cf200) 
thrown [s\src\hotspot\share\prims\jni.cpp, line 520]
Event: 39.213 Thread 0x00000189f1727700 Exception <a 'java/io/FileNotFoundException'{0x00000000d63dd3a0}> (0x00000000d63dd3a0) 
thrown [s\src\hotspot\share\prims\jni.cpp, line 520]
Event: 39.214 Thread 0x00000189f1727700 Exception <a 'java/io/FileNotFoundException'{0x00000000d63de628}> (0x00000000d63de628) 
thrown [s\src\hotspot\share\prims\jni.cpp, line 520]
Event: 39.258 Thread 0x00000189f1727700 Exception <a 'sun/nio/fs/WindowsException'{0x00000000d6428df0}> (0x00000000d6428df0) 
thrown [s\src\hotspot\share\prims\jni.cpp, line 520]
Event: 40.239 Thread 0x00000189f1727700 Exception <a 'java/lang/ClassNotFoundException'{0x00000000d589c1e8}: com/sun/org/apache/xerces/internal/impl/msg/spi/DOMMessagesProvider> (0x00000000d589c1e8) 
thrown [s\src\hotspot\share\classfile\systemDictionary.cpp, line 312]
Event: 40.240 Thread 0x00000189f1727700 Exception <a 'java/lang/ClassNotFoundException'{0x00000000d58ad990}: com/sun/org/apache/xerces/internal/impl/msg/spi/XMLSerializerMessagesProvider> (0x00000000d58ad990) 
thrown [s\src\hotspot\share\classfile\systemDictionary.cpp, line 312]
Event: 40.243 Thread 0x00000189f1727700 Exception <a 'java/lang/ClassNotFoundException'{0x00000000d59a4fc8}: com/sun/org/apache/xerces/internal/impl/msg/spi/XMLMessagesProvider> (0x00000000d59a4fc8) 
thrown [s\src\hotspot\share\classfile\systemDictionary.cpp, line 312]
Event: 40.543 Thread 0x00000189f1727700 Implicit null exception at 0x00000189deeca311 to 0x00000189deeca598
Event: 40.543 Thread 0x00000189f1727700 Exception <a 'java/lang/NoSuchMethodError'{0x00000000d5d3eaa8}: 'long java.lang.invoke.DirectMethodHandle$Holder.invokeStatic(java.lang.Object, java.lang.Object, int)'> (0x00000000d5d3eaa8) 
thrown [s\src\hotspot\share\interpreter\linkResolver.cpp, line 773]
Event: 40.545 Thread 0x00000189f1727700 Exception <a 'java/lang/NoSuchMethodError'{0x00000000d5d492e8}: 'java.lang.Object java.lang.invoke.DelegatingMethodHandle$Holder.reinvoke_L(java.lang.Object, int, long, java.lang.Object, java.lang.Object, int, java.lang.Object)'> (0x00000000d5d492e8) 
thrown [s\src\hotspot\share\interpreter\linkResolver.cpp, line 773]
Event: 40.781 Thread 0x00000189f1727700 Exception <a 'java/lang/NoSuchMethodError'{0x00000000d62e49e8}: 'java.lang.Object java.lang.invoke.DirectMethodHandle$Holder.invokeStaticInit(java.lang.Object, java.lang.Object, java.lang.Object, java.lang.Object, java.lang.Object, java.lang.Object, java.lang.Object)'> (0x00000000d62e49e8) 
thrown [s\src\hotspot\share\interpreter\linkResolver.cpp, line 773]
Event: 40.783 Thread 0x00000189f1727700 Exception <a 'java/lang/NoSuchMethodError'{0x00000000d62e99a0}: 'java.lang.Object java.lang.invoke.Invokers$Holder.invoke_MT(java.lang.Object, java.lang.Object, java.lang.Object, java.lang.Object, java.lang.Object, java.lang.Object, java.lang.Object, java.lang.Object, java.lang.Object, java.lang.Object)'> (0x00000000d62e99a0) 
thrown [s\src\hotspot\share\interpreter\linkResolver.cpp, line 773]
Event: 40.796 Thread 0x00000189f1727700 Exception <a 'java/lang/NoSuchMethodError'{0x00000000d6329638}: 'int java.lang.invoke.DirectMethodHandle$Holder.invokeVirtual(java.lang.Object, java.lang.Object, java.lang.Object)'> (0x00000000d6329638) 
thrown [s\src\hotspot\share\interpreter\linkResolver.cpp, line 773]
Event: 40.798 Thread 0x00000189f1727700 Exception <a 'java/lang/NoSuchMethodError'{0x00000000d632d9e0}: 'int java.lang.invoke.DirectMethodHandle$Holder.invokeStaticInit(java.lang.Object, int, int)'> (0x00000000d632d9e0) 
thrown [s\src\hotspot\share\interpreter\linkResolver.cpp, line 773]
Event: 40.802 Thread 0x00000189f1727700 Exception <a 'java/lang/NoSuchMethodError'{0x00000000d63353c8}: 'int java.lang.invoke.DirectMethodHandle$Holder.invokeStaticInit(java.lang.Object, long, long)'> (0x00000000d63353c8) 
thrown [s\src\hotspot\share\interpreter\linkResolver.cpp, line 773]
Event: 40.804 Thread 0x00000189f1727700 Exception <a 'java/lang/NoSuchMethodError'{0x00000000d633c110}: 'int java.lang.invoke.DirectMethodHandle$Holder.invokeStaticInit(java.lang.Object, float, float)'> (0x00000000d633c110) 
thrown [s\src\hotspot\share\interpreter\linkResolver.cpp, line 773]
Event: 40.805 Thread 0x00000189f1727700 Exception <a 'java/lang/NoSuchMethodError'{0x00000000d6342e50}: 'int java.lang.invoke.DirectMethodHandle$Holder.invokeStaticInit(java.lang.Object, double, double)'> (0x00000000d6342e50) 
thrown [s\src\hotspot\share\interpreter\linkResolver.cpp, line 773]
Event: 40.806 Thread 0x00000189f1727700 Exception <a 'java/lang/NoSuchMethodError'{0x00000000d63476a0}: 'int java.lang.invoke.DirectMethodHandle$Holder.invokeStatic(java.lang.Object, long)'> (0x00000000d63476a0) 
thrown [s\src\hotspot\share\interpreter\linkResolver.cpp, line 773]
Event: 40.813 Thread 0x00000189f1727700 Exception <a 'java/lang/NoSuchMethodError'{0x00000000d6366378}: 'int java.lang.invoke.Invokers$Holder.linkToTargetMethod(java.lang.Object, java.lang.Object)'> (0x00000000d6366378) 
thrown [s\src\hotspot\share\interpreter\linkResolver.cpp, line 773]

ZGC Phase Switch (0 events):
No events

VM Operations (20 events):
Event: 37.985 Executing VM operation: ParallelGCFailedAllocation (Allocation Failure)
Event: 37.990 Executing VM operation: ParallelGCFailedAllocation (Allocation Failure) done
Event: 38.990 Executing VM operation: Cleanup
Event: 38.990 Executing VM operation: Cleanup done
Event: 39.941 Executing VM operation: ParallelGCFailedAllocation (Allocation Failure)
Event: 39.944 Executing VM operation: ParallelGCFailedAllocation (Allocation Failure) done
Event: 40.432 Executing VM operation: HandshakeAllThreads (Deoptimize)
Event: 40.432 Executing VM operation: HandshakeAllThreads (Deoptimize) done
Event: 40.439 Executing VM operation: HandshakeAllThreads (Deoptimize)
Event: 40.439 Executing VM operation: HandshakeAllThreads (Deoptimize) done
Event: 40.486 Executing VM operation: HandshakeAllThreads (Deoptimize)
Event: 40.486 Executing VM operation: HandshakeAllThreads (Deoptimize) done
Event: 40.489 Executing VM operation: HandshakeAllThreads (Deoptimize)
Event: 40.489 Executing VM operation: HandshakeAllThreads (Deoptimize) done
Event: 40.577 Executing VM operation: HandshakeAllThreads (Deoptimize)
Event: 40.578 Executing VM operation: HandshakeAllThreads (Deoptimize) done
Event: 40.579 Executing VM operation: HandshakeAllThreads (Deoptimize)
Event: 40.579 Executing VM operation: HandshakeAllThreads (Deoptimize) done
Event: 40.930 Executing VM operation: ParallelGCFailedAllocation (Allocation Failure)
Event: 40.938 Executing VM operation: ParallelGCFailedAllocation (Allocation Failure) done

Memory protections (0 events):
No events

Nmethod flushes (0 events):
No events

Events (20 events):
Event: 33.663 Thread 0x00000189f18f0bf0 Thread exited: 0x00000189f18f0bf0
Event: 34.376 Thread 0x00000189f16ead80 Thread exited: 0x00000189f16ead80
Event: 35.115 Thread 0x00000189eaaec240 Thread added: 0x00000189f2974df0
Event: 35.250 Thread 0x00000189f2974df0 Thread exited: 0x00000189f2974df0
Event: 35.593 Thread 0x00000189ec3fbc90 Thread exited: 0x00000189ec3fbc90
Event: 36.176 Thread 0x00000189ec9c6650 Thread added: 0x00000189f16ead80
Event: 36.452 Thread 0x00000189f11a04b0 Thread added: 0x00000189f16eb410
Event: 36.637 Thread 0x00000189d1c39380 Thread added: 0x00000189f16e99d0
Event: 36.638 Thread 0x00000189d1c39380 Thread added: 0x00000189f16ea060
Event: 36.638 Thread 0x00000189d1c39380 Thread added: 0x00000189f16ec7c0
Event: 36.638 Thread 0x00000189d1c39380 Thread added: 0x00000189f16ea6f0
Event: 36.640 Thread 0x00000189d1c39380 Thread added: 0x00000189f16e9340
Event: 36.640 Thread 0x00000189d1c39380 Thread added: 0x00000189f16ebaa0
Event: 36.640 Thread 0x00000189d1c39380 Thread added: 0x00000189f16ec130
Event: 36.640 Thread 0x00000189d1c39380 Thread added: 0x00000189f1728420
Event: 36.641 Thread 0x00000189d1c39380 Thread added: 0x00000189f1726350
Event: 36.719 Thread 0x00000189d1c39380 Thread added: 0x00000189f1728ab0
Event: 37.597 Thread 0x00000189d1c39380 Thread added: 0x00000189f17269e0
Event: 37.597 Thread 0x00000189d1c39380 Thread added: 0x00000189f1727700
Event: 39.917 Thread 0x00000189ec3d2ef0 Thread added: 0x00000189f2318860


Dynamic libraries:
0x00007ff607b20000 - 0x00007ff607b2e000 	c:\Users\mazar\.windsurf\extensions\redhat.java-1.44.0-win32-x64\jre\21.0.8-win32-x86_64\bin\java.exe
0x00007ffa766c0000 - 0x00007ffa76927000 	C:\WINDOWS\SYSTEM32\ntdll.dll
0x00007ffa75390000 - 0x00007ffa75459000 	C:\WINDOWS\System32\KERNEL32.DLL
0x00007ffa74050000 - 0x00007ffa74440000 	C:\WINDOWS\System32\KERNELBASE.dll
0x00007ffa73ac0000 - 0x00007ffa73c0b000 	C:\WINDOWS\System32\ucrtbase.dll
0x00007ffa266d0000 - 0x00007ffa266ee000 	c:\Users\mazar\.windsurf\extensions\redhat.java-1.44.0-win32-x64\jre\21.0.8-win32-x86_64\bin\VCRUNTIME140.dll
0x00007ffa14120000 - 0x00007ffa14138000 	c:\Users\mazar\.windsurf\extensions\redhat.java-1.44.0-win32-x64\jre\21.0.8-win32-x86_64\bin\jli.dll
0x00007ffa75bf0000 - 0x00007ffa75db5000 	C:\WINDOWS\System32\USER32.dll
0x00007ffa73ed0000 - 0x00007ffa73ef7000 	C:\WINDOWS\System32\win32u.dll
0x00007ffa760c0000 - 0x00007ffa760eb000 	C:\WINDOWS\System32\GDI32.dll
0x00007ffa73c10000 - 0x00007ffa73d48000 	C:\WINDOWS\System32\gdi32full.dll
0x00007ffa73fa0000 - 0x00007ffa74043000 	C:\WINDOWS\System32\msvcp_win.dll
0x00007ffa5fcf0000 - 0x00007ffa5ff8a000 	C:\WINDOWS\WinSxS\amd64_microsoft.windows.common-controls_6595b64144ccf1df_6.0.26100.4768_none_3e0c112ce331287c\COMCTL32.dll
0x00007ffa755d0000 - 0x00007ffa75679000 	C:\WINDOWS\System32\msvcrt.dll
0x00007ffa74850000 - 0x00007ffa7487f000 	C:\WINDOWS\System32\IMM32.DLL
0x00007ffa623a0000 - 0x00007ffa623ac000 	c:\Users\mazar\.windsurf\extensions\redhat.java-1.44.0-win32-x64\jre\21.0.8-win32-x86_64\bin\vcruntime140_1.dll
0x00007ffa06750000 - 0x00007ffa067dd000 	c:\Users\mazar\.windsurf\extensions\redhat.java-1.44.0-win32-x64\jre\21.0.8-win32-x86_64\bin\msvcp140.dll
0x00007ff94b0e0000 - 0x00007ff94be77000 	c:\Users\mazar\.windsurf\extensions\redhat.java-1.44.0-win32-x64\jre\21.0.8-win32-x86_64\bin\server\jvm.dll
0x00007ffa75f80000 - 0x00007ffa76034000 	C:\WINDOWS\System32\ADVAPI32.dll
0x00007ffa75dc0000 - 0x00007ffa75e66000 	C:\WINDOWS\System32\sechost.dll
0x00007ffa75830000 - 0x00007ffa75948000 	C:\WINDOWS\System32\RPCRT4.dll
0x00007ffa75ef0000 - 0x00007ffa75f64000 	C:\WINDOWS\System32\WS2_32.dll
0x00007ffa73650000 - 0x00007ffa736ae000 	C:\WINDOWS\SYSTEM32\POWRPROF.dll
0x00007ffa58880000 - 0x00007ffa588b5000 	C:\WINDOWS\SYSTEM32\WINMM.dll
0x00007ffa62e60000 - 0x00007ffa62e6b000 	C:\WINDOWS\SYSTEM32\VERSION.dll
0x00007ffa73630000 - 0x00007ffa73644000 	C:\WINDOWS\SYSTEM32\UMPDC.dll
0x00007ffa72530000 - 0x00007ffa7254b000 	C:\WINDOWS\SYSTEM32\kernel.appcore.dll
0x00007ffa62210000 - 0x00007ffa6221a000 	c:\Users\mazar\.windsurf\extensions\redhat.java-1.44.0-win32-x64\jre\21.0.8-win32-x86_64\bin\jimage.dll
0x00007ffa70ef0000 - 0x00007ffa71131000 	C:\WINDOWS\SYSTEM32\DBGHELP.DLL
0x00007ffa744c0000 - 0x00007ffa74845000 	C:\WINDOWS\System32\combase.dll
0x00007ffa76590000 - 0x00007ffa76670000 	C:\WINDOWS\System32\OLEAUT32.dll
0x00007ffa54290000 - 0x00007ffa542d3000 	C:\WINDOWS\SYSTEM32\dbgcore.DLL
0x00007ffa73f00000 - 0x00007ffa73f99000 	C:\WINDOWS\System32\bcryptPrimitives.dll
0x00007ffa61f10000 - 0x00007ffa61f1f000 	c:\Users\mazar\.windsurf\extensions\redhat.java-1.44.0-win32-x64\jre\21.0.8-win32-x86_64\bin\instrument.dll
0x00007ffa14100000 - 0x00007ffa1411f000 	c:\Users\mazar\.windsurf\extensions\redhat.java-1.44.0-win32-x64\jre\21.0.8-win32-x86_64\bin\java.dll
0x00007ffa74990000 - 0x00007ffa750dd000 	C:\WINDOWS\System32\SHELL32.dll
0x00007ffa73940000 - 0x00007ffa73ab3000 	C:\WINDOWS\System32\wintypes.dll
0x00007ffa713b0000 - 0x00007ffa71c10000 	C:\WINDOWS\SYSTEM32\windows.storage.dll
0x00007ffa75180000 - 0x00007ffa75275000 	C:\WINDOWS\System32\SHCORE.dll
0x00007ffa75110000 - 0x00007ffa7517a000 	C:\WINDOWS\System32\shlwapi.dll
0x00007ffa73710000 - 0x00007ffa73739000 	C:\WINDOWS\SYSTEM32\profapi.dll
0x00007ffa136d0000 - 0x00007ffa136e8000 	c:\Users\mazar\.windsurf\extensions\redhat.java-1.44.0-win32-x64\jre\21.0.8-win32-x86_64\bin\zip.dll
0x00007ffa63320000 - 0x00007ffa63330000 	C:\Users\mazar\.windsurf\extensions\redhat.java-1.44.0-win32-x64\jre\21.0.8-win32-x86_64\bin\net.dll
0x00007ffa6aa80000 - 0x00007ffa6ab9e000 	C:\WINDOWS\SYSTEM32\WINHTTP.dll
0x00007ffa72aa0000 - 0x00007ffa72b0b000 	C:\WINDOWS\system32\mswsock.dll
0x00007ffa63300000 - 0x00007ffa63316000 	C:\Users\mazar\.windsurf\extensions\redhat.java-1.44.0-win32-x64\jre\21.0.8-win32-x86_64\bin\nio.dll
0x00007ffa632f0000 - 0x00007ffa63300000 	c:\Users\mazar\.windsurf\extensions\redhat.java-1.44.0-win32-x64\jre\21.0.8-win32-x86_64\bin\verify.dll
0x00007ffa14560000 - 0x00007ffa145a5000 	C:\Users\mazar\AppData\Roaming\Windsurf\User\globalStorage\redhat.java\1.44.0\config_ss_win\org.eclipse.equinox.launcher\org.eclipse.equinox.launcher.win32.win32.x86_64_1.2.1400.v20250730-1736\eclipse_11913.dll
0x00007ffa75680000 - 0x00007ffa75820000 	C:\WINDOWS\System32\ole32.dll
0x00007ffa72e80000 - 0x00007ffa72e9b000 	C:\WINDOWS\SYSTEM32\CRYPTSP.dll
0x00007ffa72490000 - 0x00007ffa724cb000 	C:\WINDOWS\system32\rsaenh.dll
0x00007ffa72b40000 - 0x00007ffa72b6b000 	C:\WINDOWS\SYSTEM32\USERENV.dll
0x00007ffa736e0000 - 0x00007ffa73706000 	C:\WINDOWS\SYSTEM32\bcrypt.dll
0x00007ffa72ce0000 - 0x00007ffa72cec000 	C:\WINDOWS\SYSTEM32\CRYPTBASE.dll
0x00007ffa71f20000 - 0x00007ffa71f53000 	C:\WINDOWS\SYSTEM32\IPHLPAPI.DLL
0x00007ffa75f70000 - 0x00007ffa75f7a000 	C:\WINDOWS\System32\NSI.dll
0x00007ffa145d0000 - 0x00007ffa14619000 	C:\Users\mazar\AppData\Local\Temp\jna-103673879\jna2782197856766850295.dll
0x00007ffa76580000 - 0x00007ffa76588000 	C:\WINDOWS\System32\PSAPI.DLL
0x00007ffa6aa50000 - 0x00007ffa6aa6f000 	C:\WINDOWS\SYSTEM32\dhcpcsvc6.DLL
0x00007ffa6aa20000 - 0x00007ffa6aa45000 	C:\WINDOWS\SYSTEM32\dhcpcsvc.DLL

JVMTI agents:
c:\Users\mazar\.windsurf\extensions\redhat.java-1.44.0-win32-x64\lombok\lombok-1.18.39-4050.jar path:c:\Users\mazar\.windsurf\extensions\redhat.java-1.44.0-win32-x64\jre\21.0.8-win32-x86_64\bin\instrument.dll, loaded, initialized, instrumentlib options:none

dbghelp: loaded successfully - version: 4.0.5 - missing functions: none
symbol engine: initialized successfully - sym options: 0x614 - pdb path: .;c:\Users\mazar\.windsurf\extensions\redhat.java-1.44.0-win32-x64\jre\21.0.8-win32-x86_64\bin;C:\WINDOWS\SYSTEM32;C:\WINDOWS\WinSxS\amd64_microsoft.windows.common-controls_6595b64144ccf1df_6.0.26100.4768_none_3e0c112ce331287c;c:\Users\mazar\.windsurf\extensions\redhat.java-1.44.0-win32-x64\jre\21.0.8-win32-x86_64\bin\server;C:\Users\mazar\AppData\Roaming\Windsurf\User\globalStorage\redhat.java\1.44.0\config_ss_win\org.eclipse.equinox.launcher\org.eclipse.equinox.launcher.win32.win32.x86_64_1.2.1400.v20250730-1736;C:\Users\mazar\AppData\Local\Temp\jna-103673879

VM Arguments:
jvm_args: --add-modules=ALL-SYSTEM --add-opens=java.base/java.util=ALL-UNNAMED --add-opens=java.base/java.lang=ALL-UNNAMED --add-opens=java.base/sun.nio.fs=ALL-UNNAMED -Declipse.application=org.eclipse.jdt.ls.core.id1 -Dosgi.bundles.defaultStartLevel=4 -Declipse.product=org.eclipse.jdt.ls.core.product -Djava.import.generatesMetadataFilesAtProjectRoot=false -DDetectVMInstallationsJob.disabled=true -Dfile.encoding=utf8 -XX:+UseParallelGC -XX:GCTimeRatio=4 -XX:AdaptiveSizePolicyWeight=90 -Dsun.zip.disableMemoryMapping=true -Xmx2G -Xms100m -Xlog:disable -javaagent:c:\Users\mazar\.windsurf\extensions\redhat.java-1.44.0-win32-x64\lombok\lombok-1.18.39-4050.jar 
java_command: c:\Users\mazar\.windsurf\extensions\redhat.java-1.44.0-win32-x64\server\plugins\org.eclipse.equinox.launcher_1.7.0.v20250519-0528.jar -configuration c:\Users\mazar\AppData\Roaming\Windsurf\User\globalStorage\redhat.java\1.44.0\config_ss_win -data c:\Users\mazar\AppData\Roaming\Windsurf\User\workspaceStorage\353768aa1ca8b48245c5e6ac3a3de6c4\redhat.java\ss_ws --pipe=\\.\pipe\lsp-955ddfc2c067c161691ba09bed25aca0-sock
java_class_path (initial): c:\Users\mazar\.windsurf\extensions\redhat.java-1.44.0-win32-x64\server\plugins\org.eclipse.equinox.launcher_1.7.0.v20250519-0528.jar
Launcher Type: SUN_STANDARD

[Global flags]
    uintx AdaptiveSizePolicyWeight                 = 90                                        {product} {command line}
     intx CICompilerCount                          = 4                                         {product} {ergonomic}
    uintx GCTimeRatio                              = 4                                         {product} {command line}
   size_t InitialHeapSize                          = 104857600                                 {product} {command line}
   size_t MaxHeapSize                              = 2147483648                                {product} {command line}
   size_t MaxNewSize                               = 715653120                                 {product} {ergonomic}
   size_t MinHeapDeltaBytes                        = 524288                                    {product} {ergonomic}
   size_t MinHeapSize                              = 104857600                                 {product} {command line}
   size_t NewSize                                  = 34603008                                  {product} {ergonomic}
    uintx NonNMethodCodeHeapSize                   = 5839372                                {pd product} {ergonomic}
    uintx NonProfiledCodeHeapSize                  = 122909434                              {pd product} {ergonomic}
   size_t OldSize                                  = 70254592                                  {product} {ergonomic}
    uintx ProfiledCodeHeapSize                     = 122909434                              {pd product} {ergonomic}
    uintx ReservedCodeCacheSize                    = 251658240                              {pd product} {ergonomic}
     bool SegmentedCodeCache                       = true                                      {product} {ergonomic}
   size_t SoftMaxHeapSize                          = 2147483648                             {manageable} {ergonomic}
     bool UseCompressedOops                        = true                           {product lp64_product} {ergonomic}
     bool UseLargePagesIndividualAllocation        = false                                  {pd product} {ergonomic}
     bool UseParallelGC                            = true                                      {product} {command line}

Logging:
Log output configuration:
 #0: stdout all=off uptime,level,tags foldmultilines=false
 #1: stderr all=off uptime,level,tags foldmultilines=false

Environment Variables:
PATH=C:\Program Files\Eclipse Adoptium\jdk-17.0.13.11-hotspot\bin;C:\Program Files\Common Files\Oracle\Java\javapath;C:\Program Files (x86)\NVIDIA Corporation\PhysX\Common;C:\Program Files\Eclipse Foundation\jdk-8.0.302.8-hotspot\bin;C:\WINDOWS\system32;C:\WINDOWS;C:\WINDOWS\System32\Wbem;C:\WINDOWS\System32\WindowsPowerShell\v1.0\;C:\WINDOWS\System32\OpenSSH\;C:\Program Files\Microsoft SQL Server\130\Tools\Binn\;C:\Program Files\Git\cmd;C:\Program Files\dotnet\;C:\Program Files\Microsoft SQL Server\150\Tools\Binn\;C:\Program Files\Microsoft SQL Server\Client SDK\ODBC\170\Tools\Binn\;C:\Program Files (x86)\Windows Kits\10\Windows Performance Toolkit\;C:\Users\mazar\.config\herd\bin\nvm;C:\Program Files\nodejs;C:\composer;C:\xampp\php;C:\Program Files\Tesseract-OCR;C:\Program Files\nodejs\;C:\Program Files\MySQL\MySQL Server 8.0\bin;C:\Program Files\MongoDB\Server\8.0\bin;C:\Program Files\apache-maven-3.9.9\bin;C:\Program Files\Docker\Docker\resources\bin;C:\Program Files\GitHub CLI\;C:\Program Files\PuTTY\;C:\WINDOWS\system32;C:\WINDOWS;C:\WINDOWS\System32\Wbem;C:\WINDOWS\System32\WindowsPowerShell\v1.0\;C:\WINDOWS\System32\OpenSSH\;C:\ProgramData\chocolatey\bin;
USERNAME=mazar
OS=Windows_NT
PROCESSOR_IDENTIFIER=Intel64 Family 6 Model 142 Stepping 12, GenuineIntel
TMP=C:\Users\mazar\AppData\Local\Temp
TEMP=C:\Users\mazar\AppData\Local\Temp




Periodic native trim disabled

---------------  S Y S T E M  ---------------

OS:
 Windows 11 , 64 bit Build 26100 (10.0.26100.4768)
OS uptime: 11 days 3:58 hours
Hyper-V role detected

CPU: total 8 (initial active 8) (4 cores per cpu, 2 threads per core) family 6 model 142 stepping 12 microcode 0xec, cx8, cmov, fxsr, ht, mmx, 3dnowpref, sse, sse2, sse3, ssse3, sse4.1, sse4.2, popcnt, lzcnt, tsc, tscinvbit, avx, avx2, aes, erms, clmul, bmi1, bmi2, adx, fma, vzeroupper, clflush, clflushopt, hv, rdtscp, f16c
Processor Information for the first 8 processors :
  Max Mhz: 2304, Current Mhz: 1803, Mhz Limit: 1797

Memory: 4k page, system-wide physical 16206M (391M free)
TotalPageFile size 36095M (AvailPageFile size 3M)
current process WorkingSet (physical memory assigned to process): 158M, peak: 160M
current process commit charge ("private bytes"): 284M, peak: 295M

vm_info: OpenJDK 64-Bit Server VM (21.0.8+9-LTS) for windows-amd64 JRE (21.0.8+9-LTS), built on 2025-07-15T00:00:00Z by "admin" with MS VC++ 17.7 (VS2022)

END.
