#
# There is insufficient memory for the Java Runtime Environment to continue.
# Native memory allocation (malloc) failed to allocate 281088 bytes. Error detail: Chunk::new
# Possible reasons:
#   The system is out of physical RAM or swap space
#   This process is running with CompressedOops enabled, and the Java Heap may be blocking the growth of the native heap
# Possible solutions:
#   Reduce memory load on the system
#   Increase physical memory or swap space
#   Check if swap backing store is full
#   Decrease Java heap size (-Xmx/-Xms)
#   Decrease number of Java threads
#   Decrease Java thread stack sizes (-Xss)
#   Set larger code cache with -XX:ReservedCodeCacheSize=
#   JVM is running with Unscaled Compressed Oops mode in which the Java heap is
#     placed in the first 4GB address space. The Java Heap base address is the
#     maximum limit for the native heap growth. Please use -XX:HeapBaseMinAddress
#     to set the Java Heap base and to place the Java Heap above 4GB virtual address.
# This output file may be truncated or incomplete.
#
#  Out of Memory Error (arena.cpp:168), pid=6256, tid=30608
#
# JRE version: OpenJDK Runtime Environment Temurin-21.0.8+9 (21.0.8+9) (build 21.0.8+9-LTS)
# Java VM: OpenJDK 64-Bit Server VM Temurin-21.0.8+9 (21.0.8+9-LTS, mixed mode, sharing, tiered, compressed oops, compressed class ptrs, parallel gc, windows-amd64)
# No core dump will be written. Minidumps are not enabled by default on client versions of Windows
#

---------------  S U M M A R Y ------------

Command Line: --add-modules=ALL-SYSTEM --add-opens=java.base/java.util=ALL-UNNAMED --add-opens=java.base/java.lang=ALL-UNNAMED --add-opens=java.base/sun.nio.fs=ALL-UNNAMED -Declipse.application=org.eclipse.jdt.ls.core.id1 -Dosgi.bundles.defaultStartLevel=4 -Declipse.product=org.eclipse.jdt.ls.core.product -Djava.import.generatesMetadataFilesAtProjectRoot=false -DDetectVMInstallationsJob.disabled=true -Dfile.encoding=utf8 -XX:+UseParallelGC -XX:GCTimeRatio=4 -XX:AdaptiveSizePolicyWeight=90 -Dsun.zip.disableMemoryMapping=true -Xmx2G -Xms100m -Xlog:disable -javaagent:c:\Users\mazar\.windsurf\extensions\redhat.java-1.44.0-win32-x64\lombok\lombok-1.18.39-4050.jar c:\Users\mazar\.windsurf\extensions\redhat.java-1.44.0-win32-x64\server\plugins\org.eclipse.equinox.launcher_1.7.0.v20250519-0528.jar -configuration c:\Users\mazar\AppData\Roaming\Windsurf\User\globalStorage\redhat.java\1.44.0\config_ss_win -data c:\Users\mazar\AppData\Roaming\Windsurf\User\workspaceStorage\353768aa1ca8b48245c5e6ac3a3de6c4\redhat.java\ss_ws --pipe=\\.\pipe\lsp-7f6a8e6424787aedc7c23cd84b75fd88-sock

Host: Intel(R) Core(TM) i7-10510U CPU @ 1.80GHz, 8 cores, 15G,  Windows 11 , 64 bit Build 26100 (10.0.26100.4768)
Time: Mon Sep  1 14:22:06 2025 South Africa Standard Time elapsed time: 5.932032 seconds (0d 0h 0m 5s)

---------------  T H R E A D  ---------------

Current thread (0x000002b4d93f6780):  JavaThread "C2 CompilerThread0" daemon [_thread_in_native, id=30608, stack(0x000000cb35600000,0x000000cb35700000) (1024K)]


Current CompileTask:
C2:5932 2293       4       lombok.patcher.PatchScript::classMatches (41 bytes)

Stack: [0x000000cb35600000,0x000000cb35700000]
Native frames: (J=compiled Java code, j=interpreted, Vv=VM code, C=native code)
V  [jvm.dll+0x6d2449]
V  [jvm.dll+0x8ae341]
V  [jvm.dll+0x8b08be]
V  [jvm.dll+0x8b0fa3]
V  [jvm.dll+0x280c96]
V  [jvm.dll+0xc581d]
V  [jvm.dll+0xc5d53]
V  [jvm.dll+0x3b919c]
V  [jvm.dll+0x385315]
V  [jvm.dll+0x38477a]
V  [jvm.dll+0x248ed0]
V  [jvm.dll+0x2484af]
V  [jvm.dll+0x1c89ee]
V  [jvm.dll+0x257d4d]
V  [jvm.dll+0x2562ea]
V  [jvm.dll+0x3f2d16]
V  [jvm.dll+0x857e6b]
V  [jvm.dll+0x6d0b0d]
C  [ucrtbase.dll+0x37b0]
C  [KERNEL32.DLL+0x2e8d7]
C  [ntdll.dll+0x3c34c]


---------------  P R O C E S S  ---------------

Threads class SMR info:
_java_thread_list=0x000002b5204d9ae0, length=17, elements={
0x000002b4c0659c90, 0x000002b4c2a39400, 0x000002b4c2a3c0e0, 0x000002b4d93e7f90,
0x000002b4d93ea9f0, 0x000002b4d93edd00, 0x000002b4d93f0b10, 0x000002b4d93f6780,
0x000002b5200418a0, 0x000002b4d93eea40, 0x000002b4d93efdf0, 0x000002b4d93ef0d0,
0x000002b4d93ef760, 0x000002b4d93f0480, 0x000002b4d93f11a0, 0x000002b4d93f1830,
0x000002b4d93ee3b0
}

Java Threads: ( => current thread )
  0x000002b4c0659c90 JavaThread "main"                              [_thread_blocked, id=7400, stack(0x000000cb34c00000,0x000000cb34d00000) (1024K)]
  0x000002b4c2a39400 JavaThread "Reference Handler"          daemon [_thread_blocked, id=39140, stack(0x000000cb35000000,0x000000cb35100000) (1024K)]
  0x000002b4c2a3c0e0 JavaThread "Finalizer"                  daemon [_thread_blocked, id=41412, stack(0x000000cb35100000,0x000000cb35200000) (1024K)]
  0x000002b4d93e7f90 JavaThread "Signal Dispatcher"          daemon [_thread_blocked, id=9308, stack(0x000000cb35200000,0x000000cb35300000) (1024K)]
  0x000002b4d93ea9f0 JavaThread "Attach Listener"            daemon [_thread_blocked, id=12772, stack(0x000000cb35300000,0x000000cb35400000) (1024K)]
  0x000002b4d93edd00 JavaThread "Service Thread"             daemon [_thread_blocked, id=21660, stack(0x000000cb35400000,0x000000cb35500000) (1024K)]
  0x000002b4d93f0b10 JavaThread "Monitor Deflation Thread"   daemon [_thread_blocked, id=14452, stack(0x000000cb35500000,0x000000cb35600000) (1024K)]
=>0x000002b4d93f6780 JavaThread "C2 CompilerThread0"         daemon [_thread_in_native, id=30608, stack(0x000000cb35600000,0x000000cb35700000) (1024K)]
  0x000002b5200418a0 JavaThread "C1 CompilerThread0"         daemon [_thread_blocked, id=7832, stack(0x000000cb35700000,0x000000cb35800000) (1024K)]
  0x000002b4d93eea40 JavaThread "Common-Cleaner"             daemon [_thread_blocked, id=33072, stack(0x000000cb35800000,0x000000cb35900000) (1024K)]
  0x000002b4d93efdf0 JavaThread "Notification Thread"        daemon [_thread_blocked, id=7592, stack(0x000000cb35900000,0x000000cb35a00000) (1024K)]
  0x000002b4d93ef0d0 JavaThread "Active Thread: Equinox Container: 21d89b9c-6be5-4c3b-b44f-a193ff929102"        [_thread_blocked, id=36732, stack(0x000000cb36100000,0x000000cb36200000) (1024K)]
  0x000002b4d93ef760 JavaThread "Framework Event Dispatcher: Equinox Container: 21d89b9c-6be5-4c3b-b44f-a193ff929102" daemon [_thread_blocked, id=33868, stack(0x000000cb36200000,0x000000cb36300000) (1024K)]
  0x000002b4d93f0480 JavaThread "Start Level: Equinox Container: 21d89b9c-6be5-4c3b-b44f-a193ff929102" daemon [_thread_in_vm, id=39216, stack(0x000000cb36300000,0x000000cb36400000) (1024K)]
  0x000002b4d93f11a0 JavaThread "SCR Component Actor"        daemon [_thread_blocked, id=37376, stack(0x000000cb36500000,0x000000cb36600000) (1024K)]
  0x000002b4d93f1830 JavaThread "SCR Component Registry"     daemon [_thread_blocked, id=5356, stack(0x000000cb35a00000,0x000000cb35b00000) (1024K)]
  0x000002b4d93ee3b0 JavaThread "Worker-JM"                         [_thread_blocked, id=36772, stack(0x000000cb36700000,0x000000cb36800000) (1024K)]
Total: 17

Other Threads:
  0x000002b4d93e33f0 VMThread "VM Thread"                           [id=24308, stack(0x000000cb34f00000,0x000000cb35000000) (1024K)]
  0x000002b4d92fca00 WatcherThread "VM Periodic Task Thread"        [id=24232, stack(0x000000cb34e00000,0x000000cb34f00000) (1024K)]
  0x000002b4c299c870 WorkerThread "GC Thread#0"                     [id=38820, stack(0x000000cb34d00000,0x000000cb34e00000) (1024K)]
  0x000002b520382ed0 WorkerThread "GC Thread#1"                     [id=17496, stack(0x000000cb35b00000,0x000000cb35c00000) (1024K)]
  0x000002b520668280 WorkerThread "GC Thread#2"                     [id=15612, stack(0x000000cb35c00000,0x000000cb35d00000) (1024K)]
  0x000002b520668620 WorkerThread "GC Thread#3"                     [id=17368, stack(0x000000cb35d00000,0x000000cb35e00000) (1024K)]
  0x000002b520383270 WorkerThread "GC Thread#4"                     [id=31544, stack(0x000000cb35e00000,0x000000cb35f00000) (1024K)]
  0x000002b520383610 WorkerThread "GC Thread#5"                     [id=19680, stack(0x000000cb35f00000,0x000000cb36000000) (1024K)]
  0x000002b5203c7770 WorkerThread "GC Thread#6"                     [id=20820, stack(0x000000cb36000000,0x000000cb36100000) (1024K)]
  0x000002b520cc7c80 WorkerThread "GC Thread#7"                     [id=35524, stack(0x000000cb36400000,0x000000cb36500000) (1024K)]
Total: 10

Threads with active compile tasks:
C2 CompilerThread0  5958 2293       4       lombok.patcher.PatchScript::classMatches (41 bytes)
Total: 1

VM state: not at safepoint (normal execution)

VM Mutex/Monitor currently owned by a thread:  ([mutex/lock_event])
[0x00007ff94bd93458] Metaspace_lock - owner thread: 0x000002b4d93f0480

Heap address: 0x0000000080000000, size: 2048 MB, Compressed Oops mode: 32-bit

CDS archive(s) mapped at: [0x000002b4da000000-0x000002b4daba0000-0x000002b4daba0000), size 12189696, SharedBaseAddress: 0x000002b4da000000, ArchiveRelocationMode: 1.
Compressed class space mapped at: 0x000002b4db000000-0x000002b51b000000, reserved size: 1073741824
Narrow klass base: 0x000002b4da000000, Narrow klass shift: 0, Narrow klass range: 0x100000000

GC Precious Log:
 CardTable entry size: 512
 CPUs: 8 total, 8 available
 Memory: 16206M
 Large Page Support: Disabled
 NUMA Support: Disabled
 Compressed Oops: Enabled (32-bit)
 Alignments: Space 512K, Generation 512K, Heap 2M
 Heap Min Capacity: 100M
 Heap Initial Capacity: 100M
 Heap Max Capacity: 2G
 Pre-touch: Disabled
 Parallel Workers: 8

Heap:
 PSYoungGen      total 29696K, used 9364K [0x00000000d5580000, 0x00000000d7680000, 0x0000000100000000)
  eden space 25600K, 20% used [0x00000000d5580000,0x00000000d5aabc70,0x00000000d6e80000)
  from space 4096K, 99% used [0x00000000d6e80000,0x00000000d7279448,0x00000000d7280000)
  to   space 4096K, 0% used [0x00000000d7280000,0x00000000d7280000,0x00000000d7680000)
 ParOldGen       total 68608K, used 2681K [0x0000000080000000, 0x0000000084300000, 0x00000000d5580000)
  object space 68608K, 3% used [0x0000000080000000,0x000000008029e6d8,0x0000000084300000)
 Metaspace       used 13481K, committed 14016K, reserved 1114112K
  class space    used 1422K, committed 1664K, reserved 1048576K

Card table byte_map: [0x000002b4c2320000,0x000002b4c2730000] _byte_map_base: 0x000002b4c1f20000

Marking Bits: (ParMarkBitMap*) 0x00007ff94bd9a340
 Begin Bits: [0x000002b4d4e20000, 0x000002b4d6e20000)
 End Bits:   [0x000002b4d6e20000, 0x000002b4d8e20000)

Polling page: 0x000002b4c0be0000

Metaspace:

Usage:
  Non-class:     11.78 MB used.
      Class:      1.39 MB used.
       Both:     13.17 MB used.

Virtual space:
  Non-class space:       64.00 MB reserved,      12.06 MB ( 19%) committed,  1 nodes.
      Class space:        1.00 GB reserved,       1.62 MB ( <1%) committed,  1 nodes.
             Both:        1.06 GB reserved,      13.69 MB (  1%) committed. 

Chunk freelists:
   Non-Class:  3.93 MB
       Class:  14.41 MB
        Both:  18.34 MB

MaxMetaspaceSize: unlimited
CompressedClassSpaceSize: 1.00 GB
Initial GC threshold: 21.00 MB
Current GC threshold: 21.00 MB
CDS: on
 - commit_granule_bytes: 65536.
 - commit_granule_words: 8192.
 - virtual_space_node_default_size: 8388608.
 - enlarge_chunks_in_place: 1.
 - use_allocation_guard: 0.


Internal statistics:

num_allocs_failed_limit: 0.
num_arena_births: 392.
num_arena_deaths: 0.
num_vsnodes_births: 2.
num_vsnodes_deaths: 0.
num_space_committed: 219.
num_space_uncommitted: 0.
num_chunks_returned_to_freelist: 0.
num_chunks_taken_from_freelist: 837.
num_chunk_merges: 0.
num_chunk_splits: 542.
num_chunks_enlarged: 359.
num_inconsistent_stats: 0.

CodeHeap 'non-profiled nmethods': size=120000Kb used=947Kb max_used=947Kb free=119052Kb
 bounds [0x000002b4cd640000, 0x000002b4cd8b0000, 0x000002b4d4b70000]
CodeHeap 'profiled nmethods': size=120000Kb used=4417Kb max_used=4417Kb free=115582Kb
 bounds [0x000002b4c5b70000, 0x000002b4c5fd0000, 0x000002b4cd0a0000]
CodeHeap 'non-nmethods': size=5760Kb used=1256Kb max_used=1272Kb free=4503Kb
 bounds [0x000002b4cd0a0000, 0x000002b4cd310000, 0x000002b4cd640000]
CodeCache: size=245760Kb, used=6620Kb, max_used=6636Kb, free=239137Kb
 total_blobs=2835, nmethods=2307, adapters=434, full_count=0
Compilation: enabled, stopped_count=0, restarted_count=0

Compilation events (20 events):
Event: 5.901 Thread 0x000002b5200418a0 2301       3       java.util.regex.Matcher::find (69 bytes)
Event: 5.901 Thread 0x000002b5200418a0 nmethod 2301 0x000002b4c5fbcf90 code [0x000002b4c5fbd160, 0x000002b4c5fbd438]
Event: 5.901 Thread 0x000002b5200418a0 2302       3       java.lang.String::subSequence (7 bytes)
Event: 5.901 Thread 0x000002b5200418a0 nmethod 2302 0x000002b4c5fbd510 code [0x000002b4c5fbd6c0, 0x000002b4c5fbd7f8]
Event: 5.901 Thread 0x000002b5200418a0 2303       3       java.util.regex.Pattern$LastNode::match (45 bytes)
Event: 5.901 Thread 0x000002b5200418a0 nmethod 2303 0x000002b4c5fbd890 code [0x000002b4c5fbda40, 0x000002b4c5fbdc40]
Event: 5.901 Thread 0x000002b5200418a0 2304       3       java.util.regex.Matcher::start (9 bytes)
Event: 5.902 Thread 0x000002b5200418a0 nmethod 2304 0x000002b4c5fbdd90 code [0x000002b4c5fbdf60, 0x000002b4c5fbe290]
Event: 5.902 Thread 0x000002b5200418a0 2305       3       java.util.regex.Matcher::end (9 bytes)
Event: 5.902 Thread 0x000002b5200418a0 nmethod 2305 0x000002b4c5fbe410 code [0x000002b4c5fbe5e0, 0x000002b4c5fbe910]
Event: 5.903 Thread 0x000002b5200418a0 2308       3       java.util.ImmutableCollections$SetN::<init> (90 bytes)
Event: 5.904 Thread 0x000002b5200418a0 nmethod 2308 0x000002b4c5fbea90 code [0x000002b4c5fbed40, 0x000002b4c5fbf9d8]
Event: 5.913 Thread 0x000002b5200418a0 2309       3       jdk.internal.misc.VM::isJavaLangInvokeInited (4 bytes)
Event: 5.913 Thread 0x000002b5200418a0 nmethod 2309 0x000002b4cd72c990 code [0x000002b4cd72cb20, 0x000002b4cd72cc10]
Event: 5.913 Thread 0x000002b5200418a0 2310       3       jdk.internal.reflect.ReflectionFactory::config (28 bytes)
Event: 5.914 Thread 0x000002b5200418a0 nmethod 2310 0x000002b4c5fbfe90 code [0x000002b4c5fc0020, 0x000002b4c5fc0128]
Event: 5.914 Thread 0x000002b5200418a0 2311       1       java.lang.reflect.Constructor::getModifiers (5 bytes)
Event: 5.914 Thread 0x000002b5200418a0 nmethod 2311 0x000002b4cd72cc90 code [0x000002b4cd72ce20, 0x000002b4cd72cee8]
Event: 5.924 Thread 0x000002b5200418a0 2312       3       java.lang.StringUTF16::getChar (60 bytes)
Event: 5.925 Thread 0x000002b5200418a0 nmethod 2312 0x000002b4c5fc0190 code [0x000002b4c5fc0340, 0x000002b4c5fc04b0]

GC Heap History (6 events):
Event: 2.944 GC heap before
{Heap before GC invocations=1 (full 0):
 PSYoungGen      total 29696K, used 25600K [0x00000000d5580000, 0x00000000d7680000, 0x0000000100000000)
  eden space 25600K, 100% used [0x00000000d5580000,0x00000000d6e80000,0x00000000d6e80000)
  from space 4096K, 0% used [0x00000000d7280000,0x00000000d7280000,0x00000000d7680000)
  to   space 4096K, 0% used [0x00000000d6e80000,0x00000000d6e80000,0x00000000d7280000)
 ParOldGen       total 68608K, used 0K [0x0000000080000000, 0x0000000084300000, 0x00000000d5580000)
  object space 68608K, 0% used [0x0000000080000000,0x0000000080000000,0x0000000084300000)
 Metaspace       used 4332K, committed 4608K, reserved 1114112K
  class space    used 471K, committed 576K, reserved 1048576K
}
Event: 2.955 GC heap after
{Heap after GC invocations=1 (full 0):
 PSYoungGen      total 29696K, used 3334K [0x00000000d5580000, 0x00000000d7680000, 0x0000000100000000)
  eden space 25600K, 0% used [0x00000000d5580000,0x00000000d5580000,0x00000000d6e80000)
  from space 4096K, 81% used [0x00000000d6e80000,0x00000000d71c1bb8,0x00000000d7280000)
  to   space 4096K, 0% used [0x00000000d7280000,0x00000000d7280000,0x00000000d7680000)
 ParOldGen       total 68608K, used 16K [0x0000000080000000, 0x0000000084300000, 0x00000000d5580000)
  object space 68608K, 0% used [0x0000000080000000,0x0000000080004000,0x0000000084300000)
 Metaspace       used 4332K, committed 4608K, reserved 1114112K
  class space    used 471K, committed 576K, reserved 1048576K
}
Event: 4.866 GC heap before
{Heap before GC invocations=2 (full 0):
 PSYoungGen      total 29696K, used 28934K [0x00000000d5580000, 0x00000000d7680000, 0x0000000100000000)
  eden space 25600K, 100% used [0x00000000d5580000,0x00000000d6e80000,0x00000000d6e80000)
  from space 4096K, 81% used [0x00000000d6e80000,0x00000000d71c1bb8,0x00000000d7280000)
  to   space 4096K, 0% used [0x00000000d7280000,0x00000000d7280000,0x00000000d7680000)
 ParOldGen       total 68608K, used 16K [0x0000000080000000, 0x0000000084300000, 0x00000000d5580000)
  object space 68608K, 0% used [0x0000000080000000,0x0000000080004000,0x0000000084300000)
 Metaspace       used 8186K, committed 8448K, reserved 1114112K
  class space    used 869K, committed 1024K, reserved 1048576K
}
Event: 4.876 GC heap after
{Heap after GC invocations=2 (full 0):
 PSYoungGen      total 29696K, used 4091K [0x00000000d5580000, 0x00000000d7680000, 0x0000000100000000)
  eden space 25600K, 0% used [0x00000000d5580000,0x00000000d5580000,0x00000000d6e80000)
  from space 4096K, 99% used [0x00000000d7280000,0x00000000d767ed00,0x00000000d7680000)
  to   space 4096K, 0% used [0x00000000d6e80000,0x00000000d6e80000,0x00000000d7280000)
 ParOldGen       total 68608K, used 923K [0x0000000080000000, 0x0000000084300000, 0x00000000d5580000)
  object space 68608K, 1% used [0x0000000080000000,0x00000000800e6eb8,0x0000000084300000)
 Metaspace       used 8186K, committed 8448K, reserved 1114112K
  class space    used 869K, committed 1024K, reserved 1048576K
}
Event: 5.767 GC heap before
{Heap before GC invocations=3 (full 0):
 PSYoungGen      total 29696K, used 29691K [0x00000000d5580000, 0x00000000d7680000, 0x0000000100000000)
  eden space 25600K, 100% used [0x00000000d5580000,0x00000000d6e80000,0x00000000d6e80000)
  from space 4096K, 99% used [0x00000000d7280000,0x00000000d767ed00,0x00000000d7680000)
  to   space 4096K, 0% used [0x00000000d6e80000,0x00000000d6e80000,0x00000000d7280000)
 ParOldGen       total 68608K, used 923K [0x0000000080000000, 0x0000000084300000, 0x00000000d5580000)
  object space 68608K, 1% used [0x0000000080000000,0x00000000800e6eb8,0x0000000084300000)
 Metaspace       used 13016K, committed 13504K, reserved 1114112K
  class space    used 1373K, committed 1600K, reserved 1048576K
}
Event: 5.773 GC heap after
{Heap after GC invocations=3 (full 0):
 PSYoungGen      total 29696K, used 4069K [0x00000000d5580000, 0x00000000d7680000, 0x0000000100000000)
  eden space 25600K, 0% used [0x00000000d5580000,0x00000000d5580000,0x00000000d6e80000)
  from space 4096K, 99% used [0x00000000d6e80000,0x00000000d7279448,0x00000000d7280000)
  to   space 4096K, 0% used [0x00000000d7280000,0x00000000d7280000,0x00000000d7680000)
 ParOldGen       total 68608K, used 2681K [0x0000000080000000, 0x0000000084300000, 0x00000000d5580000)
  object space 68608K, 3% used [0x0000000080000000,0x000000008029e6d8,0x0000000084300000)
 Metaspace       used 13016K, committed 13504K, reserved 1114112K
  class space    used 1373K, committed 1600K, reserved 1048576K
}

Dll operation events (9 events):
Event: 0.018 Loaded shared library c:\Users\mazar\.windsurf\extensions\redhat.java-1.44.0-win32-x64\jre\21.0.8-win32-x86_64\bin\java.dll
Event: 0.455 Loaded shared library c:\Users\mazar\.windsurf\extensions\redhat.java-1.44.0-win32-x64\jre\21.0.8-win32-x86_64\bin\zip.dll
Event: 0.631 Loaded shared library C:\Users\mazar\.windsurf\extensions\redhat.java-1.44.0-win32-x64\jre\21.0.8-win32-x86_64\bin\instrument.dll
Event: 0.666 Loaded shared library C:\Users\mazar\.windsurf\extensions\redhat.java-1.44.0-win32-x64\jre\21.0.8-win32-x86_64\bin\net.dll
Event: 0.672 Loaded shared library C:\Users\mazar\.windsurf\extensions\redhat.java-1.44.0-win32-x64\jre\21.0.8-win32-x86_64\bin\nio.dll
Event: 0.679 Loaded shared library C:\Users\mazar\.windsurf\extensions\redhat.java-1.44.0-win32-x64\jre\21.0.8-win32-x86_64\bin\zip.dll
Event: 0.809 Loaded shared library C:\Users\mazar\.windsurf\extensions\redhat.java-1.44.0-win32-x64\jre\21.0.8-win32-x86_64\bin\jimage.dll
Event: 1.250 Loaded shared library c:\Users\mazar\.windsurf\extensions\redhat.java-1.44.0-win32-x64\jre\21.0.8-win32-x86_64\bin\verify.dll
Event: 4.836 Loaded shared library C:\Users\mazar\AppData\Roaming\Windsurf\User\globalStorage\redhat.java\1.44.0\config_ss_win\org.eclipse.equinox.launcher\org.eclipse.equinox.launcher.win32.win32.x86_64_1.2.1400.v20250730-1736\eclipse_11913.dll

Deoptimization events (20 events):
Event: 5.502 Thread 0x000002b4d93f0480 DEOPT PACKING pc=0x000002b4cd713b88 sp=0x000000cb363f88a0
Event: 5.502 Thread 0x000002b4d93f0480 DEOPT UNPACKING pc=0x000002b4cd0f3aa2 sp=0x000000cb363f87e8 mode 2
Event: 5.734 Thread 0x000002b4d93f0480 Uncommon trap: trap_request=0xffffff45 fr.pc=0x000002b4cd693064 relative=0x0000000000000fa4
Event: 5.734 Thread 0x000002b4d93f0480 Uncommon trap: reason=unstable_if action=reinterpret pc=0x000002b4cd693064 method=lombok.patcher.PatchScript.classMatches(Ljava/lang/String;Ljava/util/Collection;)Z @ 25 c2
Event: 5.734 Thread 0x000002b4d93f0480 DEOPT PACKING pc=0x000002b4cd693064 sp=0x000000cb363f6e60
Event: 5.734 Thread 0x000002b4d93f0480 DEOPT UNPACKING pc=0x000002b4cd0f3aa2 sp=0x000000cb363f6e20 mode 2
Event: 5.773 Thread 0x000002b4c2a39400 Uncommon trap: trap_request=0xffffff45 fr.pc=0x000002b4cd705614 relative=0x00000000000000f4
Event: 5.774 Thread 0x000002b4c2a39400 Uncommon trap: reason=unstable_if action=reinterpret pc=0x000002b4cd705614 method=java.util.concurrent.locks.ReentrantLock$NonfairSync.initialTryLock()Z @ 25 c2
Event: 5.774 Thread 0x000002b4c2a39400 DEOPT PACKING pc=0x000002b4cd705614 sp=0x000000cb350ff440
Event: 5.774 Thread 0x000002b4c2a39400 DEOPT UNPACKING pc=0x000002b4cd0f3aa2 sp=0x000000cb350ff308 mode 2
Event: 5.813 Thread 0x000002b4d93f0480 DEOPT PACKING pc=0x000002b4c5cb90b9 sp=0x000000cb363f5f40
Event: 5.813 Thread 0x000002b4d93f0480 DEOPT UNPACKING pc=0x000002b4cd0f4242 sp=0x000000cb363f5440 mode 0
Event: 5.866 Thread 0x000002b4d93f0480 Uncommon trap: trap_request=0xffffff45 fr.pc=0x000002b4cd727d94 relative=0x00000000000011f4
Event: 5.866 Thread 0x000002b4d93f0480 Uncommon trap: reason=unstable_if action=reinterpret pc=0x000002b4cd727d94 method=java.util.Properties.loadConvert([CIILjava/lang/StringBuilder;)Ljava/lang/String; @ 491 c2
Event: 5.866 Thread 0x000002b4d93f0480 DEOPT PACKING pc=0x000002b4cd727d94 sp=0x000000cb363f79f0
Event: 5.866 Thread 0x000002b4d93f0480 DEOPT UNPACKING pc=0x000002b4cd0f3aa2 sp=0x000000cb363f79e0 mode 2
Event: 5.923 Thread 0x000002b4d93f0480 Uncommon trap: trap_request=0xffffff45 fr.pc=0x000002b4cd67a074 relative=0x0000000000000054
Event: 5.923 Thread 0x000002b4d93f0480 Uncommon trap: reason=unstable_if action=reinterpret pc=0x000002b4cd67a074 method=java.lang.CharacterData.of(I)Ljava/lang/CharacterData; @ 4 c2
Event: 5.923 Thread 0x000002b4d93f0480 DEOPT PACKING pc=0x000002b4cd67a074 sp=0x000000cb363f8f00
Event: 5.923 Thread 0x000002b4d93f0480 DEOPT UNPACKING pc=0x000002b4cd0f3aa2 sp=0x000000cb363f8e98 mode 2

Classes loaded (20 events):
Event: 5.870 Loading class java/lang/invoke/DirectMethodHandle$1
Event: 5.871 Loading class java/lang/invoke/DirectMethodHandle$1 done
Event: 5.887 Loading class java/text/MessageFormat
Event: 5.887 Loading class java/text/MessageFormat done
Event: 5.895 Loading class jdk/internal/module/ModulePatcher$PatchedModuleReader
Event: 5.895 Loading class jdk/internal/module/ModulePatcher$PatchedModuleReader done
Event: 5.906 Loading class sun/util/resources/LocaleData$CommonResourceBundleProvider
Event: 5.907 Loading class sun/util/resources/LocaleData$LocaleDataResourceBundleProvider
Event: 5.907 Loading class java/util/spi/ResourceBundleProvider
Event: 5.907 Loading class java/util/spi/ResourceBundleProvider done
Event: 5.907 Loading class sun/util/resources/LocaleData$LocaleDataResourceBundleProvider done
Event: 5.907 Loading class sun/util/resources/LocaleData$CommonResourceBundleProvider done
Event: 5.909 Loading class sun/text/resources/cldr/FormatData_en
Event: 5.910 Loading class sun/text/resources/cldr/FormatData_en done
Event: 5.911 Loading class sun/util/resources/Bundles$2
Event: 5.911 Loading class sun/util/resources/Bundles$2 done
Event: 5.928 Loading class java/text/FieldPosition$Delegate
Event: 5.928 Loading class java/text/FieldPosition$Delegate done
Event: 5.929 Loading class java/text/MessageFormat$Field
Event: 5.929 Loading class java/text/MessageFormat$Field done

Classes unloaded (0 events):
No events

Classes redefined (0 events):
No events

Internal exceptions (20 events):
Event: 3.174 Thread 0x000002b4c0659c90 Implicit null exception at 0x000002b4cd69d040 to 0x000002b4cd69d0c5
Event: 3.441 Thread 0x000002b4c0659c90 Exception <a 'java/lang/NoSuchMethodError'{0x00000000d59e86e0}: 'void java.lang.invoke.DirectMethodHandle$Holder.invokeSpecial(java.lang.Object, java.lang.Object, java.lang.Object)'> (0x00000000d59e86e0) 
thrown [s\src\hotspot\share\interpreter\linkResolver.cpp, line 773]
Event: 4.140 Thread 0x000002b4c0659c90 Exception <a 'java/lang/NoSuchMethodError'{0x00000000d6298948}: 'int java.lang.invoke.DirectMethodHandle$Holder.invokeVirtual(java.lang.Object, java.lang.Object)'> (0x00000000d6298948) 
thrown [s\src\hotspot\share\interpreter\linkResolver.cpp, line 773]
Event: 4.313 Thread 0x000002b4c0659c90 Exception <a 'java/lang/NoSuchMethodError'{0x00000000d640c670}: 'int java.lang.invoke.DirectMethodHandle$Holder.invokeStaticInit(java.lang.Object, java.lang.Object, java.lang.Object, java.lang.Object)'> (0x00000000d640c670) 
thrown [s\src\hotspot\share\interpreter\linkResolver.cpp, line 773]
Event: 4.324 Thread 0x000002b4c0659c90 Exception <a 'java/lang/IncompatibleClassChangeError'{0x00000000d6414af8}: Found class java.lang.Object, but interface was expected> (0x00000000d6414af8) 
thrown [s\src\hotspot\share\interpreter\linkResolver.cpp, line 840]
Event: 4.330 Thread 0x000002b4c0659c90 Exception <a 'java/lang/NoSuchMethodError'{0x00000000d641b128}: 'void java.lang.invoke.DirectMethodHandle$Holder.invokeStaticInit(java.lang.Object, java.lang.Object)'> (0x00000000d641b128) 
thrown [s\src\hotspot\share\interpreter\linkResolver.cpp, line 773]
Event: 4.334 Thread 0x000002b4c0659c90 Exception <a 'java/lang/NoSuchMethodError'{0x00000000d6424360}: 'int java.lang.invoke.DirectMethodHandle$Holder.invokeStaticInit(java.lang.Object, java.lang.Object)'> (0x00000000d6424360) 
thrown [s\src\hotspot\share\interpreter\linkResolver.cpp, line 773]
Event: 4.447 Thread 0x000002b4c0659c90 Exception <a 'java/lang/NoSuchMethodError'{0x00000000d666e930}: 'java.lang.Object java.lang.invoke.DirectMethodHandle$Holder.newInvokeSpecial(java.lang.Object, int, java.lang.Object)'> (0x00000000d666e930) 
thrown [s\src\hotspot\share\interpreter\linkResolver.cpp, line 773]
Event: 4.574 Thread 0x000002b4c0659c90 Exception <a 'java/lang/ClassNotFoundException'{0x00000000d687e040}: sun/net/www/protocol/plurl/Handler> (0x00000000d687e040) 
thrown [s\src\hotspot\share\classfile\systemDictionary.cpp, line 312]
Event: 4.828 Thread 0x000002b4c0659c90 Exception <a 'java/lang/UnsatisfiedLinkError'{0x00000000d6ce9000}: 'void org.eclipse.equinox.launcher.JNIBridge._update_splash()'> (0x00000000d6ce9000) 
thrown [s\src\hotspot\share\prims\nativeLookup.cpp, line 415]
Event: 4.956 Thread 0x000002b4d93f0480 Exception <a 'java/lang/NullPointerException'{0x00000000d585d8e0}> (0x00000000d585d8e0) 
thrown [s\src\hotspot\share\interpreter\linkResolver.cpp, line 1372]
Event: 4.956 Thread 0x000002b4d93f0480 Exception <a 'java/lang/NullPointerException'{0x00000000d585dbc0}> (0x00000000d585dbc0) 
thrown [s\src\hotspot\share\interpreter\linkResolver.cpp, line 1372]
Event: 5.303 Thread 0x000002b4d93f0480 Exception <a 'java/io/FileNotFoundException'{0x00000000d62ed4d0}> (0x00000000d62ed4d0) 
thrown [s\src\hotspot\share\prims\jni.cpp, line 520]
Event: 5.444 Thread 0x000002b4d93f0480 Exception <a 'java/lang/NoSuchMethodError'{0x00000000d65cb5e0}: 'java.lang.Object java.lang.invoke.Invokers$Holder.linkToTargetMethod(java.lang.Object, long, java.lang.Object)'> (0x00000000d65cb5e0) 
thrown [s\src\hotspot\share\interpreter\linkResolver.cpp, line 773]
Event: 5.549 Thread 0x000002b4d93f0480 Exception <a 'java/lang/NoSuchMethodError'{0x00000000d6968118}: 'void java.lang.invoke.DirectMethodHandle$Holder.invokeInterface(java.lang.Object, java.lang.Object, java.lang.Object)'> (0x00000000d6968118) 
thrown [s\src\hotspot\share\interpreter\linkResolver.cpp, line 773]
Event: 5.600 Thread 0x000002b4d93f0480 Exception <a 'java/lang/NoSuchMethodError'{0x00000000d6b777e0}: 'void java.lang.invoke.Invokers$Holder.invokeExact_MT(java.lang.Object, java.lang.Object, java.lang.Object)'> (0x00000000d6b777e0) 
thrown [s\src\hotspot\share\interpreter\linkResolver.cpp, line 773]
Event: 5.759 Thread 0x000002b4d93f0480 Exception <a 'java/lang/NoSuchMethodError'{0x00000000d6e4aba0}: 'java.lang.Object java.lang.invoke.DirectMethodHandle$Holder.invokeVirtual(java.lang.Object, java.lang.Object, java.lang.Object)'> (0x00000000d6e4aba0) 
thrown [s\src\hotspot\share\interpreter\linkResolver.cpp, line 773]
Event: 5.762 Thread 0x000002b4d93f0480 Exception <a 'java/lang/NoSuchMethodError'{0x00000000d6e63190}: 'java.lang.Object java.lang.invoke.DelegatingMethodHandle$Holder.reinvoke_L(java.lang.Object, java.lang.Object, java.lang.Object, java.lang.Object, int, int)'> (0x00000000d6e63190) 
thrown [s\src\hotspot\share\interpreter\linkResolver.cpp, line 773]
Event: 5.774 Thread 0x000002b4d93f0480 Exception <a 'java/lang/NoSuchMethodError'{0x00000000d5580490}: 'java.lang.Object java.lang.invoke.DirectMethodHandle$Holder.newInvokeSpecial(java.lang.Object, java.lang.Object, java.lang.Object, java.lang.Object, java.lang.Object, java.lang.Object)'> (0x00000000d5580490) 
thrown [s\src\hotspot\share\interpreter\linkResolver.cpp, line 773]
Event: 5.780 Thread 0x000002b4d93f0480 Exception <a 'java/lang/NoSuchMethodError'{0x00000000d55acad0}: 'void java.lang.invoke.Invokers$Holder.invokeExact_MT(java.lang.Object, java.lang.Object, java.lang.Object, java.lang.Object)'> (0x00000000d55acad0) 
thrown [s\src\hotspot\share\interpreter\linkResolver.cpp, line 773]

ZGC Phase Switch (0 events):
No events

VM Operations (20 events):
Event: 4.422 Executing VM operation: HandshakeAllThreads (Deoptimize)
Event: 4.422 Executing VM operation: HandshakeAllThreads (Deoptimize) done
Event: 4.536 Executing VM operation: HandshakeAllThreads (Deoptimize)
Event: 4.536 Executing VM operation: HandshakeAllThreads (Deoptimize) done
Event: 4.568 Executing VM operation: HandshakeAllThreads (Deoptimize)
Event: 4.568 Executing VM operation: HandshakeAllThreads (Deoptimize) done
Event: 4.866 Executing VM operation: ParallelGCFailedAllocation (Allocation Failure)
Event: 4.876 Executing VM operation: ParallelGCFailedAllocation (Allocation Failure) done
Event: 5.110 Executing VM operation: HandshakeAllThreads (Deoptimize)
Event: 5.110 Executing VM operation: HandshakeAllThreads (Deoptimize) done
Event: 5.503 Executing VM operation: HandshakeAllThreads (Deoptimize)
Event: 5.503 Executing VM operation: HandshakeAllThreads (Deoptimize) done
Event: 5.767 Executing VM operation: ParallelGCFailedAllocation (Allocation Failure)
Event: 5.773 Executing VM operation: ParallelGCFailedAllocation (Allocation Failure) done
Event: 5.888 Executing VM operation: HandshakeAllThreads (Deoptimize)
Event: 5.888 Executing VM operation: HandshakeAllThreads (Deoptimize) done
Event: 5.896 Executing VM operation: HandshakeAllThreads (Deoptimize)
Event: 5.896 Executing VM operation: HandshakeAllThreads (Deoptimize) done
Event: 5.924 Executing VM operation: HandshakeAllThreads (Deoptimize)
Event: 5.924 Executing VM operation: HandshakeAllThreads (Deoptimize) done

Memory protections (0 events):
No events

Nmethod flushes (0 events):
No events

Events (20 events):
Event: 0.235 Thread 0x000002b4c0659c90 Thread added: 0x000002b4d93f6780
Event: 0.242 Thread 0x000002b4c0659c90 Thread added: 0x000002b5200418a0
Event: 0.348 Thread 0x000002b4c0659c90 Thread added: 0x000002b4d93eea40
Event: 1.679 Thread 0x000002b4c0659c90 Thread added: 0x000002b4d93efdf0
Event: 2.075 Thread 0x000002b5200418a0 Thread added: 0x000002b5204812d0
Event: 3.279 Thread 0x000002b5204812d0 Thread exited: 0x000002b5204812d0
Event: 3.614 Thread 0x000002b5200418a0 Thread added: 0x000002b52077b1a0
Event: 3.839 Thread 0x000002b52077b1a0 Thread exited: 0x000002b52077b1a0
Event: 3.960 Thread 0x000002b5200418a0 Thread added: 0x000002b520938fb0
Event: 4.364 Thread 0x000002b4c0659c90 Thread added: 0x000002b4d93ef0d0
Event: 4.632 Thread 0x000002b520938fb0 Thread exited: 0x000002b520938fb0
Event: 4.798 Thread 0x000002b5200418a0 Thread added: 0x000002b520a96670
Event: 4.805 Thread 0x000002b4c0659c90 Thread added: 0x000002b4d93ef760
Event: 4.818 Thread 0x000002b4c0659c90 Thread added: 0x000002b4d93f0480
Event: 4.893 Thread 0x000002b4d93f0480 Thread added: 0x000002b4d93f11a0
Event: 4.964 Thread 0x000002b520a96670 Thread exited: 0x000002b520a96670
Event: 5.089 Thread 0x000002b4d93f0480 Thread added: 0x000002b4d93f1830
Event: 5.225 Thread 0x000002b5200418a0 Thread added: 0x000002b520ae4960
Event: 5.560 Thread 0x000002b4d93f0480 Thread added: 0x000002b4d93ee3b0
Event: 5.867 Thread 0x000002b520ae4960 Thread exited: 0x000002b520ae4960


Dynamic libraries:
0x00007ff607b20000 - 0x00007ff607b2e000 	c:\Users\mazar\.windsurf\extensions\redhat.java-1.44.0-win32-x64\jre\21.0.8-win32-x86_64\bin\java.exe
0x00007ffa766c0000 - 0x00007ffa76927000 	C:\WINDOWS\SYSTEM32\ntdll.dll
0x00007ffa75390000 - 0x00007ffa75459000 	C:\WINDOWS\System32\KERNEL32.DLL
0x00007ffa74050000 - 0x00007ffa74440000 	C:\WINDOWS\System32\KERNELBASE.dll
0x00007ffa73ac0000 - 0x00007ffa73c0b000 	C:\WINDOWS\System32\ucrtbase.dll
0x00007ffa266d0000 - 0x00007ffa266ee000 	c:\Users\mazar\.windsurf\extensions\redhat.java-1.44.0-win32-x64\jre\21.0.8-win32-x86_64\bin\VCRUNTIME140.dll
0x00007ffa14120000 - 0x00007ffa14138000 	c:\Users\mazar\.windsurf\extensions\redhat.java-1.44.0-win32-x64\jre\21.0.8-win32-x86_64\bin\jli.dll
0x00007ffa75bf0000 - 0x00007ffa75db5000 	C:\WINDOWS\System32\USER32.dll
0x00007ffa73ed0000 - 0x00007ffa73ef7000 	C:\WINDOWS\System32\win32u.dll
0x00007ffa5fcf0000 - 0x00007ffa5ff8a000 	C:\WINDOWS\WinSxS\amd64_microsoft.windows.common-controls_6595b64144ccf1df_6.0.26100.4768_none_3e0c112ce331287c\COMCTL32.dll
0x00007ffa760c0000 - 0x00007ffa760eb000 	C:\WINDOWS\System32\GDI32.dll
0x00007ffa755d0000 - 0x00007ffa75679000 	C:\WINDOWS\System32\msvcrt.dll
0x00007ffa73c10000 - 0x00007ffa73d48000 	C:\WINDOWS\System32\gdi32full.dll
0x00007ffa73fa0000 - 0x00007ffa74043000 	C:\WINDOWS\System32\msvcp_win.dll
0x00007ffa74850000 - 0x00007ffa7487f000 	C:\WINDOWS\System32\IMM32.DLL
0x00007ffa623a0000 - 0x00007ffa623ac000 	c:\Users\mazar\.windsurf\extensions\redhat.java-1.44.0-win32-x64\jre\21.0.8-win32-x86_64\bin\vcruntime140_1.dll
0x00007ffa06750000 - 0x00007ffa067dd000 	c:\Users\mazar\.windsurf\extensions\redhat.java-1.44.0-win32-x64\jre\21.0.8-win32-x86_64\bin\msvcp140.dll
0x00007ff94b0e0000 - 0x00007ff94be77000 	c:\Users\mazar\.windsurf\extensions\redhat.java-1.44.0-win32-x64\jre\21.0.8-win32-x86_64\bin\server\jvm.dll
0x00007ffa75f80000 - 0x00007ffa76034000 	C:\WINDOWS\System32\ADVAPI32.dll
0x00007ffa75dc0000 - 0x00007ffa75e66000 	C:\WINDOWS\System32\sechost.dll
0x00007ffa75830000 - 0x00007ffa75948000 	C:\WINDOWS\System32\RPCRT4.dll
0x00007ffa75ef0000 - 0x00007ffa75f64000 	C:\WINDOWS\System32\WS2_32.dll
0x00007ffa73650000 - 0x00007ffa736ae000 	C:\WINDOWS\SYSTEM32\POWRPROF.dll
0x00007ffa58880000 - 0x00007ffa588b5000 	C:\WINDOWS\SYSTEM32\WINMM.dll
0x00007ffa62e60000 - 0x00007ffa62e6b000 	C:\WINDOWS\SYSTEM32\VERSION.dll
0x00007ffa73630000 - 0x00007ffa73644000 	C:\WINDOWS\SYSTEM32\UMPDC.dll
0x00007ffa72530000 - 0x00007ffa7254b000 	C:\WINDOWS\SYSTEM32\kernel.appcore.dll
0x00007ffa62210000 - 0x00007ffa6221a000 	c:\Users\mazar\.windsurf\extensions\redhat.java-1.44.0-win32-x64\jre\21.0.8-win32-x86_64\bin\jimage.dll
0x00007ffa70ef0000 - 0x00007ffa71131000 	C:\WINDOWS\SYSTEM32\DBGHELP.DLL
0x00007ffa744c0000 - 0x00007ffa74845000 	C:\WINDOWS\System32\combase.dll
0x00007ffa76590000 - 0x00007ffa76670000 	C:\WINDOWS\System32\OLEAUT32.dll
0x00007ffa54290000 - 0x00007ffa542d3000 	C:\WINDOWS\SYSTEM32\dbgcore.DLL
0x00007ffa73f00000 - 0x00007ffa73f99000 	C:\WINDOWS\System32\bcryptPrimitives.dll
0x00007ffa61f10000 - 0x00007ffa61f1f000 	c:\Users\mazar\.windsurf\extensions\redhat.java-1.44.0-win32-x64\jre\21.0.8-win32-x86_64\bin\instrument.dll
0x00007ffa14100000 - 0x00007ffa1411f000 	c:\Users\mazar\.windsurf\extensions\redhat.java-1.44.0-win32-x64\jre\21.0.8-win32-x86_64\bin\java.dll
0x00007ffa74990000 - 0x00007ffa750dd000 	C:\WINDOWS\System32\SHELL32.dll
0x00007ffa73940000 - 0x00007ffa73ab3000 	C:\WINDOWS\System32\wintypes.dll
0x00007ffa713b0000 - 0x00007ffa71c10000 	C:\WINDOWS\SYSTEM32\windows.storage.dll
0x00007ffa75180000 - 0x00007ffa75275000 	C:\WINDOWS\System32\SHCORE.dll
0x00007ffa75110000 - 0x00007ffa7517a000 	C:\WINDOWS\System32\shlwapi.dll
0x00007ffa73710000 - 0x00007ffa73739000 	C:\WINDOWS\SYSTEM32\profapi.dll
0x00007ffa136d0000 - 0x00007ffa136e8000 	c:\Users\mazar\.windsurf\extensions\redhat.java-1.44.0-win32-x64\jre\21.0.8-win32-x86_64\bin\zip.dll
0x00007ffa63320000 - 0x00007ffa63330000 	C:\Users\mazar\.windsurf\extensions\redhat.java-1.44.0-win32-x64\jre\21.0.8-win32-x86_64\bin\net.dll
0x00007ffa6aa80000 - 0x00007ffa6ab9e000 	C:\WINDOWS\SYSTEM32\WINHTTP.dll
0x00007ffa72aa0000 - 0x00007ffa72b0b000 	C:\WINDOWS\system32\mswsock.dll
0x00007ffa63300000 - 0x00007ffa63316000 	C:\Users\mazar\.windsurf\extensions\redhat.java-1.44.0-win32-x64\jre\21.0.8-win32-x86_64\bin\nio.dll
0x00007ffa632f0000 - 0x00007ffa63300000 	c:\Users\mazar\.windsurf\extensions\redhat.java-1.44.0-win32-x64\jre\21.0.8-win32-x86_64\bin\verify.dll
0x00007ffa145d0000 - 0x00007ffa14615000 	C:\Users\mazar\AppData\Roaming\Windsurf\User\globalStorage\redhat.java\1.44.0\config_ss_win\org.eclipse.equinox.launcher\org.eclipse.equinox.launcher.win32.win32.x86_64_1.2.1400.v20250730-1736\eclipse_11913.dll
0x00007ffa75680000 - 0x00007ffa75820000 	C:\WINDOWS\System32\ole32.dll

JVMTI agents:
c:\Users\mazar\.windsurf\extensions\redhat.java-1.44.0-win32-x64\lombok\lombok-1.18.39-4050.jar path:c:\Users\mazar\.windsurf\extensions\redhat.java-1.44.0-win32-x64\jre\21.0.8-win32-x86_64\bin\instrument.dll, loaded, initialized, instrumentlib options:none

dbghelp: loaded successfully - version: 4.0.5 - missing functions: none
symbol engine: initialized successfully - sym options: 0x614 - pdb path: .;c:\Users\mazar\.windsurf\extensions\redhat.java-1.44.0-win32-x64\jre\21.0.8-win32-x86_64\bin;C:\WINDOWS\SYSTEM32;C:\WINDOWS\WinSxS\amd64_microsoft.windows.common-controls_6595b64144ccf1df_6.0.26100.4768_none_3e0c112ce331287c;c:\Users\mazar\.windsurf\extensions\redhat.java-1.44.0-win32-x64\jre\21.0.8-win32-x86_64\bin\server;C:\Users\mazar\AppData\Roaming\Windsurf\User\globalStorage\redhat.java\1.44.0\config_ss_win\org.eclipse.equinox.launcher\org.eclipse.equinox.launcher.win32.win32.x86_64_1.2.1400.v20250730-1736

VM Arguments:
jvm_args: --add-modules=ALL-SYSTEM --add-opens=java.base/java.util=ALL-UNNAMED --add-opens=java.base/java.lang=ALL-UNNAMED --add-opens=java.base/sun.nio.fs=ALL-UNNAMED -Declipse.application=org.eclipse.jdt.ls.core.id1 -Dosgi.bundles.defaultStartLevel=4 -Declipse.product=org.eclipse.jdt.ls.core.product -Djava.import.generatesMetadataFilesAtProjectRoot=false -DDetectVMInstallationsJob.disabled=true -Dfile.encoding=utf8 -XX:+UseParallelGC -XX:GCTimeRatio=4 -XX:AdaptiveSizePolicyWeight=90 -Dsun.zip.disableMemoryMapping=true -Xmx2G -Xms100m -Xlog:disable -javaagent:c:\Users\mazar\.windsurf\extensions\redhat.java-1.44.0-win32-x64\lombok\lombok-1.18.39-4050.jar 
java_command: c:\Users\mazar\.windsurf\extensions\redhat.java-1.44.0-win32-x64\server\plugins\org.eclipse.equinox.launcher_1.7.0.v20250519-0528.jar -configuration c:\Users\mazar\AppData\Roaming\Windsurf\User\globalStorage\redhat.java\1.44.0\config_ss_win -data c:\Users\mazar\AppData\Roaming\Windsurf\User\workspaceStorage\353768aa1ca8b48245c5e6ac3a3de6c4\redhat.java\ss_ws --pipe=\\.\pipe\lsp-7f6a8e6424787aedc7c23cd84b75fd88-sock
java_class_path (initial): c:\Users\mazar\.windsurf\extensions\redhat.java-1.44.0-win32-x64\server\plugins\org.eclipse.equinox.launcher_1.7.0.v20250519-0528.jar
Launcher Type: SUN_STANDARD

[Global flags]
    uintx AdaptiveSizePolicyWeight                 = 90                                        {product} {command line}
     intx CICompilerCount                          = 4                                         {product} {ergonomic}
    uintx GCTimeRatio                              = 4                                         {product} {command line}
   size_t InitialHeapSize                          = 104857600                                 {product} {command line}
   size_t MaxHeapSize                              = 2147483648                                {product} {command line}
   size_t MaxNewSize                               = 715653120                                 {product} {ergonomic}
   size_t MinHeapDeltaBytes                        = 524288                                    {product} {ergonomic}
   size_t MinHeapSize                              = 104857600                                 {product} {command line}
   size_t NewSize                                  = 34603008                                  {product} {ergonomic}
    uintx NonNMethodCodeHeapSize                   = 5839372                                {pd product} {ergonomic}
    uintx NonProfiledCodeHeapSize                  = 122909434                              {pd product} {ergonomic}
   size_t OldSize                                  = 70254592                                  {product} {ergonomic}
    uintx ProfiledCodeHeapSize                     = 122909434                              {pd product} {ergonomic}
    uintx ReservedCodeCacheSize                    = 251658240                              {pd product} {ergonomic}
     bool SegmentedCodeCache                       = true                                      {product} {ergonomic}
   size_t SoftMaxHeapSize                          = 2147483648                             {manageable} {ergonomic}
     bool UseCompressedOops                        = true                           {product lp64_product} {ergonomic}
     bool UseLargePagesIndividualAllocation        = false                                  {pd product} {ergonomic}
     bool UseParallelGC                            = true                                      {product} {command line}

Logging:
Log output configuration:
 #0: stdout all=off uptime,level,tags foldmultilines=false
 #1: stderr all=off uptime,level,tags foldmultilines=false

Environment Variables:
PATH=C:\Program Files\Eclipse Adoptium\jdk-17.0.13.11-hotspot\bin;C:\Program Files\Common Files\Oracle\Java\javapath;C:\Program Files (x86)\NVIDIA Corporation\PhysX\Common;C:\Program Files\Eclipse Foundation\jdk-8.0.302.8-hotspot\bin;C:\WINDOWS\system32;C:\WINDOWS;C:\WINDOWS\System32\Wbem;C:\WINDOWS\System32\WindowsPowerShell\v1.0\;C:\WINDOWS\System32\OpenSSH\;C:\Program Files\Microsoft SQL Server\130\Tools\Binn\;C:\Program Files\Git\cmd;C:\Program Files\dotnet\;C:\Program Files\Microsoft SQL Server\150\Tools\Binn\;C:\Program Files\Microsoft SQL Server\Client SDK\ODBC\170\Tools\Binn\;C:\Program Files (x86)\Windows Kits\10\Windows Performance Toolkit\;C:\Users\mazar\.config\herd\bin\nvm;C:\Program Files\nodejs;C:\composer;C:\xampp\php;C:\Program Files\Tesseract-OCR;C:\Program Files\nodejs\;C:\Program Files\MySQL\MySQL Server 8.0\bin;C:\Program Files\MongoDB\Server\8.0\bin;C:\Program Files\apache-maven-3.9.9\bin;C:\Program Files\Docker\Docker\resources\bin;C:\Program Files\GitHub CLI\;C:\Program Files\PuTTY\;C:\WINDOWS\system32;C:\WINDOWS;C:\WINDOWS\System32\Wbem;C:\WINDOWS\System32\WindowsPowerShell\v1.0\;C:\WINDOWS\System32\OpenSSH\;C:\ProgramData\chocolatey\bin;
USERNAME=mazar
OS=Windows_NT
PROCESSOR_IDENTIFIER=Intel64 Family 6 Model 142 Stepping 12, GenuineIntel
TMP=C:\Users\mazar\AppData\Local\Temp
TEMP=C:\Users\mazar\AppData\Local\Temp




Periodic native trim disabled

---------------  S Y S T E M  ---------------

OS:
 Windows 11 , 64 bit Build 26100 (10.0.26100.4768)
OS uptime: 11 days 3:59 hours
Hyper-V role detected

CPU: total 8 (initial active 8) (4 cores per cpu, 2 threads per core) family 6 model 142 stepping 12 microcode 0xec, cx8, cmov, fxsr, ht, mmx, 3dnowpref, sse, sse2, sse3, ssse3, sse4.1, sse4.2, popcnt, lzcnt, tsc, tscinvbit, avx, avx2, aes, erms, clmul, bmi1, bmi2, adx, fma, vzeroupper, clflush, clflushopt, hv, rdtscp, f16c
Processor Information for the first 8 processors :
  Max Mhz: 2304, Current Mhz: 1803, Mhz Limit: 1797

Memory: 4k page, system-wide physical 16206M (476M free)
TotalPageFile size 36095M (AvailPageFile size 0M)
current process WorkingSet (physical memory assigned to process): 110M, peak: 110M
current process commit charge ("private bytes"): 252M, peak: 252M

vm_info: OpenJDK 64-Bit Server VM (21.0.8+9-LTS) for windows-amd64 JRE (21.0.8+9-LTS), built on 2025-07-15T00:00:00Z by "admin" with MS VC++ 17.7 (VS2022)

END.
